This file contains any messages produced by compilers while
running configure, to aid debugging if configure makes a mistake.

It was created by ODE configure 0.10.1, which was
generated by GNU Autoconf 2.63.  Invocation command line was

  $ ./configure --with-trimesh=gimpact --enable-shared

## --------- ##
## Platform. ##
## --------- ##

hostname = RAGE
uname -m = i686
uname -r = 2.6.28-16-generic
uname -s = Linux
uname -v = #55-Ubuntu SMP Tue Oct 20 19:48:24 UTC 2009

/usr/bin/uname -p = unknown
/bin/uname -X     = unknown

/bin/arch              = unknown
/usr/bin/arch -k       = unknown
/usr/convex/getsysinfo = unknown
/usr/bin/hostinfo      = unknown
/bin/machine           = unknown
/usr/bin/oslevel       = unknown
/bin/universe          = unknown

PATH: /home/nexis/bin
PATH: /usr/local/sbin
PATH: /usr/local/bin
PATH: /usr/sbin
PATH: /usr/bin
PATH: /sbin
PATH: /bin
PATH: /usr/games


## ----------- ##
## Core tests. ##
## ----------- ##

configure:2186: checking build system type
configure:2204: result: i686-pc-linux-gnu
configure:2226: checking host system type
configure:2241: result: i686-pc-linux-gnu
configure:2280: checking for a BSD-compatible install
configure:2348: result: /usr/bin/install -c
configure:2359: checking whether build environment is sane
configure:2402: result: yes
configure:2427: checking for a thread-safe mkdir -p
configure:2466: result: /bin/mkdir -p
configure:2479: checking for gawk
configure:2509: result: no
configure:2479: checking for mawk
configure:2495: found /usr/bin/mawk
configure:2506: result: mawk
configure:2517: checking whether make sets $(MAKE)
configure:2539: result: yes
configure:2726: checking whether make sets $(MAKE)
configure:2748: result: yes
configure:2815: checking for g++
configure:2831: found /usr/bin/g++
configure:2842: result: g++
configure:2869: checking for C++ compiler version
configure:2877: g++ --version >&5
g++ (Ubuntu 4.3.3-5ubuntu4) 4.3.3
Copyright (C) 2008 Free Software Foundation, Inc.
This is free software; see the source for copying conditions.  There is NO
warranty; not even for MERCHANTABILITY or FITNESS FOR A PARTICULAR PURPOSE.

configure:2881: $? = 0
configure:2888: g++ -v >&5
Using built-in specs.
Target: i486-linux-gnu
Configured with: ../src/configure -v --with-pkgversion='Ubuntu 4.3.3-5ubuntu4' --with-bugurl=file:///usr/share/doc/gcc-4.3/README.Bugs --enable-languages=c,c++,fortran,objc,obj-c++ --prefix=/usr --enable-shared --with-system-zlib --libexecdir=/usr/lib --without-included-gettext --enable-threads=posix --enable-nls --with-gxx-include-dir=/usr/include/c++/4.3 --program-suffix=-4.3 --enable-clocale=gnu --enable-libstdcxx-debug --enable-objc-gc --enable-mpfr --enable-targets=all --with-tune=generic --enable-checking=release --build=i486-linux-gnu --host=i486-linux-gnu --target=i486-linux-gnu
Thread model: posix
gcc version 4.3.3 (Ubuntu 4.3.3-5ubuntu4) 
configure:2892: $? = 0
configure:2899: g++ -V >&5
g++: '-V' option must have argument
configure:2903: $? = 1
configure:2926: checking for C++ compiler default output file name
configure:2948: g++    conftest.cpp  >&5
configure:2952: $? = 0
configure:2990: result: a.out
configure:3009: checking whether the C++ compiler works
configure:3019: ./a.out
configure:3023: $? = 0
configure:3042: result: yes
configure:3049: checking whether we are cross compiling
configure:3051: result: no
configure:3054: checking for suffix of executables
configure:3061: g++ -o conftest    conftest.cpp  >&5
configure:3065: $? = 0
configure:3091: result: 
configure:3097: checking for suffix of object files
configure:3123: g++ -c   conftest.cpp >&5
configure:3127: $? = 0
configure:3152: result: o
configure:3156: checking whether we are using the GNU C++ compiler
configure:3185: g++ -c   conftest.cpp >&5
configure:3192: $? = 0
configure:3209: result: yes
configure:3218: checking whether g++ accepts -g
configure:3248: g++ -c -g  conftest.cpp >&5
configure:3255: $? = 0
configure:3356: result: yes
configure:3390: checking for style of include used by make
configure:3418: result: GNU
configure:3443: checking dependency style of g++
configure:3534: result: gcc3
configure:3597: checking for gcc
configure:3613: found /usr/bin/gcc
configure:3624: result: gcc
configure:3856: checking for C compiler version
configure:3864: gcc --version >&5
gcc (Ubuntu 4.3.3-5ubuntu4) 4.3.3
Copyright (C) 2008 Free Software Foundation, Inc.
This is free software; see the source for copying conditions.  There is NO
warranty; not even for MERCHANTABILITY or FITNESS FOR A PARTICULAR PURPOSE.

configure:3868: $? = 0
configure:3875: gcc -v >&5
Using built-in specs.
Target: i486-linux-gnu
Configured with: ../src/configure -v --with-pkgversion='Ubuntu 4.3.3-5ubuntu4' --with-bugurl=file:///usr/share/doc/gcc-4.3/README.Bugs --enable-languages=c,c++,fortran,objc,obj-c++ --prefix=/usr --enable-shared --with-system-zlib --libexecdir=/usr/lib --without-included-gettext --enable-threads=posix --enable-nls --with-gxx-include-dir=/usr/include/c++/4.3 --program-suffix=-4.3 --enable-clocale=gnu --enable-libstdcxx-debug --enable-objc-gc --enable-mpfr --enable-targets=all --with-tune=generic --enable-checking=release --build=i486-linux-gnu --host=i486-linux-gnu --target=i486-linux-gnu
Thread model: posix
gcc version 4.3.3 (Ubuntu 4.3.3-5ubuntu4) 
configure:3879: $? = 0
configure:3886: gcc -V >&5
gcc: '-V' option must have argument
configure:3890: $? = 1
configure:3893: checking whether we are using the GNU C compiler
configure:3922: gcc -c   conftest.c >&5
configure:3929: $? = 0
configure:3946: result: yes
configure:3955: checking whether gcc accepts -g
configure:3985: gcc -c -g  conftest.c >&5
configure:3992: $? = 0
configure:4093: result: yes
configure:4110: checking for gcc option to accept ISO C89
configure:4184: gcc  -c -g -O2  conftest.c >&5
configure:4191: $? = 0
configure:4214: result: none needed
configure:4234: checking dependency style of gcc
configure:4325: result: gcc3
configure:4341: checking whether gcc and cc understand -c and -o together
configure:4376: gcc -c conftest.c -o conftest2.o >&5
configure:4380: $? = 0
configure:4386: gcc -c conftest.c -o conftest2.o >&5
configure:4390: $? = 0
configure:4401: cc -c conftest.c >&5
configure:4405: $? = 0
configure:4413: cc -c conftest.c -o conftest2.o >&5
configure:4417: $? = 0
configure:4423: cc -c conftest.c -o conftest2.o >&5
configure:4427: $? = 0
configure:4445: result: yes
configure:4477: checking how to run the C preprocessor
configure:4517: gcc -E  conftest.c
configure:4524: $? = 0
configure:4555: gcc -E  conftest.c
conftest.c:10:28: error: ac_nonexistent.h: No such file or directory
configure:4562: $? = 1
configure: failed program was:
| /* confdefs.h.  */
| #define PACKAGE_NAME "ODE"
| #define PACKAGE_TARNAME "ode"
| #define PACKAGE_VERSION "0.10.1"
| #define PACKAGE_STRING "ODE 0.10.1"
| #define PACKAGE_BUGREPORT "ode@ode.org"
| #define PACKAGE "ode"
| #define VERSION "0.10.1"
| /* end confdefs.h.  */
| #include <ac_nonexistent.h>
configure:4595: result: gcc -E
configure:4624: gcc -E  conftest.c
configure:4631: $? = 0
configure:4662: gcc -E  conftest.c
conftest.c:10:28: error: ac_nonexistent.h: No such file or directory
configure:4669: $? = 1
configure: failed program was:
| /* confdefs.h.  */
| #define PACKAGE_NAME "ODE"
| #define PACKAGE_TARNAME "ode"
| #define PACKAGE_VERSION "0.10.1"
| #define PACKAGE_STRING "ODE 0.10.1"
| #define PACKAGE_BUGREPORT "ode@ode.org"
| #define PACKAGE "ode"
| #define VERSION "0.10.1"
| /* end confdefs.h.  */
| #include <ac_nonexistent.h>
configure:4712: checking for gawk
configure:4739: result: mawk
configure:4764: checking for a BSD-compatible install
configure:4832: result: /usr/bin/install -c
configure:4843: checking whether ln -s works
configure:4847: result: yes
configure:4854: checking for a thread-safe mkdir -p
configure:4893: result: /bin/mkdir -p
configure:5255: checking for a sed that does not truncate output
configure:5321: result: /bin/sed
configure:5339: checking for grep that handles long lines and -e
configure:5399: result: /bin/grep
configure:5404: checking for egrep
configure:5468: result: /bin/grep -E
configure:5473: checking for fgrep
configure:5537: result: /bin/grep -F
configure:5572: checking for ld used by gcc
configure:5639: result: /usr/bin/ld
configure:5648: checking if the linker (/usr/bin/ld) is GNU ld
configure:5663: result: yes
configure:5675: checking for BSD- or MS-compatible name lister (nm)
configure:5724: result: /usr/bin/nm -B
configure:5842: checking the name lister (/usr/bin/nm -B) interface
configure:5849: gcc -c -g -O2  conftest.c >&5
configure:5852: /usr/bin/nm -B "conftest.o"
configure:5855: output
00000000 B some_variable
configure:5862: result: BSD nm
configure:5866: checking the maximum length of command line arguments
configure:5986: result: 1572864
configure:6003: checking whether the shell understands some XSI constructs
configure:6013: result: yes
configure:6017: checking whether the shell understands "+="
configure:6023: result: yes
configure:6058: checking for /usr/bin/ld option to reload object files
configure:6065: result: -r
configure:6134: checking for objdump
configure:6161: result: objdump
configure:6190: checking how to recognize dependent libraries
configure:6386: result: pass_all
configure:6446: checking for ar
configure:6462: found /usr/bin/ar
configure:6473: result: ar
configure:6551: checking for strip
configure:6567: found /usr/bin/strip
configure:6578: result: strip
configure:6650: checking for ranlib
configure:6666: found /usr/bin/ranlib
configure:6677: result: ranlib
configure:6767: checking command to parse /usr/bin/nm -B output from gcc object
configure:6885: gcc -c -g -O2  conftest.c >&5
configure:6888: $? = 0
configure:6892: /usr/bin/nm -B conftest.o \| sed -n -e 's/^.*[	 ]\([ABCDGIRSTW][ABCDGIRSTW]*\)[	 ][	 ]*\([_A-Za-z][_A-Za-z0-9]*\)$/\1 \2 \2/p' \> conftest.nm
configure:6895: $? = 0
configure:6949: gcc -o conftest -g -O2   conftest.c conftstm.o >&5
configure:6952: $? = 0
configure:6990: result: ok
configure:7853: checking for ANSI C header files
configure:7883: gcc -c -g -O2  conftest.c >&5
configure:7890: $? = 0
configure:7989: gcc -o conftest -g -O2   conftest.c  >&5
configure:7993: $? = 0
configure:7999: ./conftest
configure:8003: $? = 0
configure:8021: result: yes
configure:8045: checking for sys/types.h
configure:8066: gcc -c -g -O2  conftest.c >&5
configure:8073: $? = 0
configure:8090: result: yes
configure:8045: checking for sys/stat.h
configure:8066: gcc -c -g -O2  conftest.c >&5
configure:8073: $? = 0
configure:8090: result: yes
configure:8045: checking for stdlib.h
configure:8066: gcc -c -g -O2  conftest.c >&5
configure:8073: $? = 0
configure:8090: result: yes
configure:8045: checking for string.h
configure:8066: gcc -c -g -O2  conftest.c >&5
configure:8073: $? = 0
configure:8090: result: yes
configure:8045: checking for memory.h
configure:8066: gcc -c -g -O2  conftest.c >&5
configure:8073: $? = 0
configure:8090: result: yes
configure:8045: checking for strings.h
configure:8066: gcc -c -g -O2  conftest.c >&5
configure:8073: $? = 0
configure:8090: result: yes
configure:8045: checking for inttypes.h
configure:8066: gcc -c -g -O2  conftest.c >&5
configure:8073: $? = 0
configure:8090: result: yes
configure:8045: checking for stdint.h
configure:8066: gcc -c -g -O2  conftest.c >&5
configure:8073: $? = 0
configure:8090: result: yes
configure:8045: checking for unistd.h
configure:8066: gcc -c -g -O2  conftest.c >&5
configure:8073: $? = 0
configure:8090: result: yes
configure:8108: checking for dlfcn.h
configure:8129: gcc -c -g -O2  conftest.c >&5
configure:8136: $? = 0
configure:8153: result: yes
configure:8280: checking for C++ compiler version
configure:8288: g++ --version >&5
g++ (Ubuntu 4.3.3-5ubuntu4) 4.3.3
Copyright (C) 2008 Free Software Foundation, Inc.
This is free software; see the source for copying conditions.  There is NO
warranty; not even for MERCHANTABILITY or FITNESS FOR A PARTICULAR PURPOSE.

configure:8292: $? = 0
configure:8299: g++ -v >&5
Using built-in specs.
Target: i486-linux-gnu
Configured with: ../src/configure -v --with-pkgversion='Ubuntu 4.3.3-5ubuntu4' --with-bugurl=file:///usr/share/doc/gcc-4.3/README.Bugs --enable-languages=c,c++,fortran,objc,obj-c++ --prefix=/usr --enable-shared --with-system-zlib --libexecdir=/usr/lib --without-included-gettext --enable-threads=posix --enable-nls --with-gxx-include-dir=/usr/include/c++/4.3 --program-suffix=-4.3 --enable-clocale=gnu --enable-libstdcxx-debug --enable-objc-gc --enable-mpfr --enable-targets=all --with-tune=generic --enable-checking=release --build=i486-linux-gnu --host=i486-linux-gnu --target=i486-linux-gnu
Thread model: posix
gcc version 4.3.3 (Ubuntu 4.3.3-5ubuntu4) 
configure:8303: $? = 0
configure:8310: g++ -V >&5
g++: '-V' option must have argument
configure:8314: $? = 1
configure:8317: checking whether we are using the GNU C++ compiler
configure:8370: result: yes
configure:8379: checking whether g++ accepts -g
configure:8517: result: yes
configure:8542: checking dependency style of g++
configure:8633: result: gcc3
configure:8656: checking how to run the C++ preprocessor
configure:8692: g++ -E  conftest.cpp
configure:8699: $? = 0
configure:8730: g++ -E  conftest.cpp
conftest.cpp:21:28: error: ac_nonexistent.h: No such file or directory
configure:8737: $? = 1
configure: failed program was:
| /* confdefs.h.  */
| #define PACKAGE_NAME "ODE"
| #define PACKAGE_TARNAME "ode"
| #define PACKAGE_VERSION "0.10.1"
| #define PACKAGE_STRING "ODE 0.10.1"
| #define PACKAGE_BUGREPORT "ode@ode.org"
| #define PACKAGE "ode"
| #define VERSION "0.10.1"
| #define STDC_HEADERS 1
| #define HAVE_SYS_TYPES_H 1
| #define HAVE_SYS_STAT_H 1
| #define HAVE_STDLIB_H 1
| #define HAVE_STRING_H 1
| #define HAVE_MEMORY_H 1
| #define HAVE_STRINGS_H 1
| #define HAVE_INTTYPES_H 1
| #define HAVE_STDINT_H 1
| #define HAVE_UNISTD_H 1
| #define HAVE_DLFCN_H 1
| /* end confdefs.h.  */
| #include <ac_nonexistent.h>
configure:8770: result: g++ -E
configure:8799: g++ -E  conftest.cpp
configure:8806: $? = 0
configure:8837: g++ -E  conftest.cpp
conftest.cpp:21:28: error: ac_nonexistent.h: No such file or directory
configure:8844: $? = 1
configure: failed program was:
| /* confdefs.h.  */
| #define PACKAGE_NAME "ODE"
| #define PACKAGE_TARNAME "ode"
| #define PACKAGE_VERSION "0.10.1"
| #define PACKAGE_STRING "ODE 0.10.1"
| #define PACKAGE_BUGREPORT "ode@ode.org"
| #define PACKAGE "ode"
| #define VERSION "0.10.1"
| #define STDC_HEADERS 1
| #define HAVE_SYS_TYPES_H 1
| #define HAVE_SYS_STAT_H 1
| #define HAVE_STDLIB_H 1
| #define HAVE_STRING_H 1
| #define HAVE_MEMORY_H 1
| #define HAVE_STRINGS_H 1
| #define HAVE_INTTYPES_H 1
| #define HAVE_STDINT_H 1
| #define HAVE_UNISTD_H 1
| #define HAVE_DLFCN_H 1
| /* end confdefs.h.  */
| #include <ac_nonexistent.h>
configure:9026: checking for objdir
configure:9041: result: .libs
configure:9333: checking if gcc supports -fno-rtti -fno-exceptions
configure:9351: gcc -c -g -O2  -fno-rtti -fno-exceptions conftest.c >&5
cc1: warning: command line option "-fno-rtti" is valid for C++/ObjC++ but not for C
configure:9355: $? = 0
configure:9368: result: no
configure:9388: checking for gcc option to produce PIC
configure:9660: result: -fPIC -DPIC
configure:9672: checking if gcc PIC flag -fPIC -DPIC works
configure:9690: gcc -c -g -O2  -fPIC -DPIC -DPIC conftest.c >&5
configure:9694: $? = 0
configure:9707: result: yes
configure:9731: checking if gcc static flag -static works
configure:9759: result: yes
configure:9774: checking if gcc supports -c -o file.o
configure:9795: gcc -c -g -O2  -o out/conftest2.o conftest.c >&5
configure:9799: $? = 0
configure:9821: result: yes
configure:9829: checking if gcc supports -c -o file.o
configure:9876: result: yes
configure:9909: checking whether the gcc linker (/usr/bin/ld) supports shared libraries
configure:10984: result: yes
configure:11021: checking whether -lc should be explicitly linked in
configure:11026: gcc -c -g -O2  conftest.c >&5
configure:11029: $? = 0
configure:11044: gcc -shared conftest.o  -v -Wl,-soname -Wl,conftest -o conftest 2\>\&1 \| /bin/grep  -lc  \>/dev/null 2\>\&1
configure:11047: $? = 0
configure:11059: result: no
configure:11223: checking dynamic linker characteristics
configure:11666: gcc -o conftest -g -O2   -Wl,-rpath -Wl,/foo conftest.c  >&5
configure:11673: $? = 0
configure:11918: result: GNU/Linux ld.so
configure:12020: checking how to hardcode library paths into programs
configure:12045: result: immediate
configure:12878: checking whether stripping libraries is possible
configure:12883: result: yes
configure:12918: checking if libtool supports shared libraries
configure:12920: result: yes
configure:12923: checking whether to build shared libraries
configure:12944: result: yes
configure:12947: checking whether to build static libraries
configure:12951: result: yes
configure:13101: checking for ld used by g++
configure:13168: result: /usr/bin/ld
configure:13177: checking if the linker (/usr/bin/ld) is GNU ld
configure:13192: result: yes
configure:13247: checking whether the g++ linker (/usr/bin/ld) supports shared libraries
configure:14222: result: yes
configure:14250: g++ -c -g -O2  conftest.cpp >&5
configure:14253: $? = 0
configure:14435: checking for g++ option to produce PIC
configure:14752: result: -fPIC -DPIC
configure:14761: checking if g++ PIC flag -fPIC -DPIC works
configure:14779: g++ -c -g -O2  -fPIC -DPIC -DPIC conftest.cpp >&5
configure:14783: $? = 0
configure:14796: result: yes
configure:14817: checking if g++ static flag -static works
configure:14845: result: yes
configure:14857: checking if g++ supports -c -o file.o
configure:14878: g++ -c -g -O2  -o out/conftest2.o conftest.cpp >&5
configure:14882: $? = 0
configure:14904: result: yes
configure:14909: checking if g++ supports -c -o file.o
configure:14956: result: yes
configure:14986: checking whether the g++ linker (/usr/bin/ld) supports shared libraries
configure:15015: result: yes
configure:15152: checking dynamic linker characteristics
configure:15543: g++ -o conftest -g -O2   -Wl,-rpath -Wl,/foo conftest.cpp  >&5
configure:15550: $? = 0
configure:15795: result: GNU/Linux ld.so
configure:15846: checking how to hardcode library paths into programs
configure:15871: result: immediate
configure:15978: checking for windres
configure:16008: result: no
configure:16031: checking whether byte ordering is bigendian
configure:16056: gcc -c -g -O2  conftest.c >&5
conftest.c:23: error: expected '=', ',', ';', 'asm' or '__attribute__' before 'a'
configure:16063: $? = 1
configure: failed program was:
| /* confdefs.h.  */
| #define PACKAGE_NAME "ODE"
| #define PACKAGE_TARNAME "ode"
| #define PACKAGE_VERSION "0.10.1"
| #define PACKAGE_STRING "ODE 0.10.1"
| #define PACKAGE_BUGREPORT "ode@ode.org"
| #define PACKAGE "ode"
| #define VERSION "0.10.1"
| #define STDC_HEADERS 1
| #define HAVE_SYS_TYPES_H 1
| #define HAVE_SYS_STAT_H 1
| #define HAVE_STDLIB_H 1
| #define HAVE_STRING_H 1
| #define HAVE_MEMORY_H 1
| #define HAVE_STRINGS_H 1
| #define HAVE_INTTYPES_H 1
| #define HAVE_STDINT_H 1
| #define HAVE_UNISTD_H 1
| #define HAVE_DLFCN_H 1
| #define LT_OBJDIR ".libs/"
| /* end confdefs.h.  */
| #ifndef __APPLE_CC__
| 	       not a universal capable compiler
| 	     #endif
| 	     typedef int dummy;
| 
configure:16113: gcc -c -g -O2  conftest.c >&5
configure:16120: $? = 0
configure:16152: gcc -c -g -O2  conftest.c >&5
conftest.c: In function 'main':
conftest.c:29: error: 'not' undeclared (first use in this function)
conftest.c:29: error: (Each undeclared identifier is reported only once
conftest.c:29: error: for each function it appears in.)
conftest.c:29: error: expected ';' before 'big'
configure:16159: $? = 1
configure: failed program was:
| /* confdefs.h.  */
| #define PACKAGE_NAME "ODE"
| #define PACKAGE_TARNAME "ode"
| #define PACKAGE_VERSION "0.10.1"
| #define PACKAGE_STRING "ODE 0.10.1"
| #define PACKAGE_BUGREPORT "ode@ode.org"
| #define PACKAGE "ode"
| #define VERSION "0.10.1"
| #define STDC_HEADERS 1
| #define HAVE_SYS_TYPES_H 1
| #define HAVE_SYS_STAT_H 1
| #define HAVE_STDLIB_H 1
| #define HAVE_STRING_H 1
| #define HAVE_MEMORY_H 1
| #define HAVE_STRINGS_H 1
| #define HAVE_INTTYPES_H 1
| #define HAVE_STDINT_H 1
| #define HAVE_UNISTD_H 1
| #define HAVE_DLFCN_H 1
| #define LT_OBJDIR ".libs/"
| /* end confdefs.h.  */
| #include <sys/types.h>
| 		#include <sys/param.h>
| 
| int
| main ()
| {
| #if BYTE_ORDER != BIG_ENDIAN
| 		 not big endian
| 		#endif
| 
|   ;
|   return 0;
| }
configure:16411: result: no
configure:16436: checking for inline
configure:16462: gcc -c -g -O2  conftest.c >&5
configure:16469: $? = 0
configure:16487: result: inline
configure:16506: checking for working volatile
configure:16535: gcc -c -g -O2  conftest.c >&5
configure:16542: $? = 0
configure:16557: result: yes
configure:16567: checking for stdbool.h that conforms to C99
configure:16662: gcc -c -g -O2  conftest.c >&5
configure:16669: $? = 0
configure:16684: result: yes
configure:16686: checking for _Bool
configure:16714: gcc -c -g -O2  conftest.c >&5
configure:16721: $? = 0
configure:16748: gcc -c -g -O2  conftest.c >&5
conftest.c: In function 'main':
conftest.c:58: error: expected expression before ')' token
configure:16755: $? = 1
configure: failed program was:
| /* confdefs.h.  */
| #define PACKAGE_NAME "ODE"
| #define PACKAGE_TARNAME "ode"
| #define PACKAGE_VERSION "0.10.1"
| #define PACKAGE_STRING "ODE 0.10.1"
| #define PACKAGE_BUGREPORT "ode@ode.org"
| #define PACKAGE "ode"
| #define VERSION "0.10.1"
| #define STDC_HEADERS 1
| #define HAVE_SYS_TYPES_H 1
| #define HAVE_SYS_STAT_H 1
| #define HAVE_STDLIB_H 1
| #define HAVE_STRING_H 1
| #define HAVE_MEMORY_H 1
| #define HAVE_STRINGS_H 1
| #define HAVE_INTTYPES_H 1
| #define HAVE_STDINT_H 1
| #define HAVE_UNISTD_H 1
| #define HAVE_DLFCN_H 1
| #define LT_OBJDIR ".libs/"
| /* end confdefs.h.  */
| #include <stdio.h>
| #ifdef HAVE_SYS_TYPES_H
| # include <sys/types.h>
| #endif
| #ifdef HAVE_SYS_STAT_H
| # include <sys/stat.h>
| #endif
| #ifdef STDC_HEADERS
| # include <stdlib.h>
| # include <stddef.h>
| #else
| # ifdef HAVE_STDLIB_H
| #  include <stdlib.h>
| # endif
| #endif
| #ifdef HAVE_STRING_H
| # if !defined STDC_HEADERS && defined HAVE_MEMORY_H
| #  include <memory.h>
| # endif
| # include <string.h>
| #endif
| #ifdef HAVE_STRINGS_H
| # include <strings.h>
| #endif
| #ifdef HAVE_INTTYPES_H
| # include <inttypes.h>
| #endif
| #ifdef HAVE_STDINT_H
| # include <stdint.h>
| #endif
| #ifdef HAVE_UNISTD_H
| # include <unistd.h>
| #endif
| int
| main ()
| {
| if (sizeof ((_Bool)))
| 	  return 0;
|   ;
|   return 0;
| }
configure:16778: result: yes
configure:16797: checking for size_t
configure:16825: gcc -c -g -O2  conftest.c >&5
configure:16832: $? = 0
configure:16859: gcc -c -g -O2  conftest.c >&5
conftest.c: In function 'main':
conftest.c:60: error: expected expression before ')' token
configure:16866: $? = 1
configure: failed program was:
| /* confdefs.h.  */
| #define PACKAGE_NAME "ODE"
| #define PACKAGE_TARNAME "ode"
| #define PACKAGE_VERSION "0.10.1"
| #define PACKAGE_STRING "ODE 0.10.1"
| #define PACKAGE_BUGREPORT "ode@ode.org"
| #define PACKAGE "ode"
| #define VERSION "0.10.1"
| #define STDC_HEADERS 1
| #define HAVE_SYS_TYPES_H 1
| #define HAVE_SYS_STAT_H 1
| #define HAVE_STDLIB_H 1
| #define HAVE_STRING_H 1
| #define HAVE_MEMORY_H 1
| #define HAVE_STRINGS_H 1
| #define HAVE_INTTYPES_H 1
| #define HAVE_STDINT_H 1
| #define HAVE_UNISTD_H 1
| #define HAVE_DLFCN_H 1
| #define LT_OBJDIR ".libs/"
| #define HAVE__BOOL 1
| #define HAVE_STDBOOL_H 1
| /* end confdefs.h.  */
| #include <stdio.h>
| #ifdef HAVE_SYS_TYPES_H
| # include <sys/types.h>
| #endif
| #ifdef HAVE_SYS_STAT_H
| # include <sys/stat.h>
| #endif
| #ifdef STDC_HEADERS
| # include <stdlib.h>
| # include <stddef.h>
| #else
| # ifdef HAVE_STDLIB_H
| #  include <stdlib.h>
| # endif
| #endif
| #ifdef HAVE_STRING_H
| # if !defined STDC_HEADERS && defined HAVE_MEMORY_H
| #  include <memory.h>
| # endif
| # include <string.h>
| #endif
| #ifdef HAVE_STRINGS_H
| # include <strings.h>
| #endif
| #ifdef HAVE_INTTYPES_H
| # include <inttypes.h>
| #endif
| #ifdef HAVE_STDINT_H
| # include <stdint.h>
| #endif
| #ifdef HAVE_UNISTD_H
| # include <unistd.h>
| #endif
| int
| main ()
| {
| if (sizeof ((size_t)))
| 	  return 0;
|   ;
|   return 0;
| }
configure:16889: result: yes
configure:16902: checking if demos should be built
configure:16911: result: yes
configure:16978: checking alloca.h usability
configure:16995: gcc -c -g -O2  conftest.c >&5
configure:17002: $? = 0
configure:17016: result: yes
configure:17020: checking alloca.h presence
configure:17035: gcc -E  conftest.c
configure:17042: $? = 0
configure:17056: result: yes
configure:17089: checking for alloca.h
configure:17098: result: yes
configure:16978: checking stdio.h usability
configure:16995: gcc -c -g -O2  conftest.c >&5
configure:17002: $? = 0
configure:17016: result: yes
configure:17020: checking stdio.h presence
configure:17035: gcc -E  conftest.c
configure:17042: $? = 0
configure:17056: result: yes
configure:17089: checking for stdio.h
configure:17098: result: yes
configure:16967: checking for stdint.h
configure:16974: result: yes
configure:16967: checking for stdlib.h
configure:16974: result: yes
configure:16978: checking math.h usability
configure:16995: gcc -c -g -O2  conftest.c >&5
configure:17002: $? = 0
configure:17016: result: yes
configure:17020: checking math.h presence
configure:17035: gcc -E  conftest.c
configure:17042: $? = 0
configure:17056: result: yes
configure:17089: checking for math.h
configure:17098: result: yes
configure:16967: checking for string.h
configure:16974: result: yes
configure:16978: checking stdarg.h usability
configure:16995: gcc -c -g -O2  conftest.c >&5
configure:17002: $? = 0
configure:17016: result: yes
configure:17020: checking stdarg.h presence
configure:17035: gcc -E  conftest.c
configure:17042: $? = 0
configure:17056: result: yes
configure:17089: checking for stdarg.h
configure:17098: result: yes
configure:16978: checking malloc.h usability
configure:16995: gcc -c -g -O2  conftest.c >&5
configure:17002: $? = 0
configure:17016: result: yes
configure:17020: checking malloc.h presence
configure:17035: gcc -E  conftest.c
configure:17042: $? = 0
configure:17056: result: yes
configure:17089: checking for malloc.h
configure:17098: result: yes
configure:16978: checking float.h usability
configure:16995: gcc -c -g -O2  conftest.c >&5
configure:17002: $? = 0
configure:17016: result: yes
configure:17020: checking float.h presence
configure:17035: gcc -E  conftest.c
configure:17042: $? = 0
configure:17056: result: yes
configure:17089: checking for float.h
configure:17098: result: yes
configure:16978: checking time.h usability
configure:16995: gcc -c -g -O2  conftest.c >&5
configure:17002: $? = 0
configure:17016: result: yes
configure:17020: checking time.h presence
configure:17035: gcc -E  conftest.c
configure:17042: $? = 0
configure:17056: result: yes
configure:17089: checking for time.h
configure:17098: result: yes
configure:16978: checking sys/time.h usability
configure:16995: gcc -c -g -O2  conftest.c >&5
configure:17002: $? = 0
configure:17016: result: yes
configure:17020: checking sys/time.h presence
configure:17035: gcc -E  conftest.c
configure:17042: $? = 0
configure:17056: result: yes
configure:17089: checking for sys/time.h
configure:17098: result: yes
configure:17161: checking if double precision is requested
configure:17170: result: no
configure:17251: checking which drawstuff lib to build
configure:17253: result: X11
configure:17258: checking for X
configure:17373: gcc -E  -DdSINGLE conftest.c
configure:17380: $? = 0
configure:17429: gcc -o conftest -g -O2  -DdSINGLE  conftest.c -lX11  >&5
configure:17436: $? = 0
configure:17498: result: libraries , headers 
configure:17667: gcc -o conftest -g -O2  -DdSINGLE  conftest.c   -lX11 >&5
configure:17674: $? = 0
configure:17842: checking for gethostbyname
configure:17898: gcc -o conftest -g -O2  -DdSINGLE  conftest.c  >&5
configure:17905: $? = 0
configure:17925: result: yes
configure:18078: checking for connect
configure:18134: gcc -o conftest -g -O2  -DdSINGLE  conftest.c  >&5
configure:18141: $? = 0
configure:18161: result: yes
configure:18237: checking for remove
configure:18293: gcc -o conftest -g -O2  -DdSINGLE  conftest.c  >&5
configure:18300: $? = 0
configure:18320: result: yes
configure:18396: checking for shmat
configure:18452: gcc -o conftest -g -O2  -DdSINGLE  conftest.c  >&5
configure:18459: $? = 0
configure:18479: result: yes
configure:18564: checking for IceConnectionNumber in -lICE
configure:18599: gcc -o conftest -g -O2  -DdSINGLE  conftest.c -lICE   >&5
configure:18606: $? = 0
configure:18627: result: yes
configure:18653: checking for GL/gl.h
configure:18680: gcc -c -g -O2  -DdSINGLE conftest.c >&5
configure:18687: $? = 0
configure:18704: result: yes
configure:18653: checking for GL/glu.h
configure:18680: gcc -c -g -O2  -DdSINGLE conftest.c >&5
configure:18687: $? = 0
configure:18704: result: yes
configure:18653: checking for GL/glext.h
configure:18680: gcc -c -g -O2  -DdSINGLE conftest.c >&5
configure:18687: $? = 0
configure:18704: result: yes
configure:18722: checking for main in -lGL
configure:18751: gcc -o conftest -g -O2  -DdSINGLE  conftest.c -lGL   >&5
configure:18758: $? = 0
configure:18779: result: yes
configure:18787: checking for main in -lGLU
configure:18816: gcc -o conftest -g -O2  -DdSINGLE  conftest.c -lGLU   >&5
configure:18823: $? = 0
configure:18844: result: yes
configure:18852: checking for main in -lopengl32
configure:18881: gcc -o conftest -g -O2  -DdSINGLE  conftest.c -lopengl32   >&5
/usr/bin/ld: cannot find -lopengl32
collect2: ld returned 1 exit status
configure:18888: $? = 1
configure: failed program was:
| /* confdefs.h.  */
| #define PACKAGE_NAME "ODE"
| #define PACKAGE_TARNAME "ode"
| #define PACKAGE_VERSION "0.10.1"
| #define PACKAGE_STRING "ODE 0.10.1"
| #define PACKAGE_BUGREPORT "ode@ode.org"
| #define PACKAGE "ode"
| #define VERSION "0.10.1"
| #define STDC_HEADERS 1
| #define HAVE_SYS_TYPES_H 1
| #define HAVE_SYS_STAT_H 1
| #define HAVE_STDLIB_H 1
| #define HAVE_STRING_H 1
| #define HAVE_MEMORY_H 1
| #define HAVE_STRINGS_H 1
| #define HAVE_INTTYPES_H 1
| #define HAVE_STDINT_H 1
| #define HAVE_UNISTD_H 1
| #define HAVE_DLFCN_H 1
| #define LT_OBJDIR ".libs/"
| #define HAVE__BOOL 1
| #define HAVE_STDBOOL_H 1
| #define PENTIUM 1
| #define HAVE_ALLOCA_H 1
| #define HAVE_STDIO_H 1
| #define HAVE_STDINT_H 1
| #define HAVE_STDLIB_H 1
| #define HAVE_MATH_H 1
| #define HAVE_STRING_H 1
| #define HAVE_STDARG_H 1
| #define HAVE_MALLOC_H 1
| #define HAVE_FLOAT_H 1
| #define HAVE_TIME_H 1
| #define HAVE_SYS_TIME_H 1
| #define HAVE_GL_GL_H 1
| #define HAVE_GL_GLU_H 1
| #define HAVE_GL_GLEXT_H 1
| /* end confdefs.h.  */
| 
| 
| int
| main ()
| {
| return main ();
|   ;
|   return 0;
| }
configure:18909: result: no
configure:18917: checking for main in -lglu32
configure:18946: gcc -o conftest -g -O2  -DdSINGLE  conftest.c -lglu32   >&5
/usr/bin/ld: cannot find -lglu32
collect2: ld returned 1 exit status
configure:18953: $? = 1
configure: failed program was:
| /* confdefs.h.  */
| #define PACKAGE_NAME "ODE"
| #define PACKAGE_TARNAME "ode"
| #define PACKAGE_VERSION "0.10.1"
| #define PACKAGE_STRING "ODE 0.10.1"
| #define PACKAGE_BUGREPORT "ode@ode.org"
| #define PACKAGE "ode"
| #define VERSION "0.10.1"
| #define STDC_HEADERS 1
| #define HAVE_SYS_TYPES_H 1
| #define HAVE_SYS_STAT_H 1
| #define HAVE_STDLIB_H 1
| #define HAVE_STRING_H 1
| #define HAVE_MEMORY_H 1
| #define HAVE_STRINGS_H 1
| #define HAVE_INTTYPES_H 1
| #define HAVE_STDINT_H 1
| #define HAVE_UNISTD_H 1
| #define HAVE_DLFCN_H 1
| #define LT_OBJDIR ".libs/"
| #define HAVE__BOOL 1
| #define HAVE_STDBOOL_H 1
| #define PENTIUM 1
| #define HAVE_ALLOCA_H 1
| #define HAVE_STDIO_H 1
| #define HAVE_STDINT_H 1
| #define HAVE_STDLIB_H 1
| #define HAVE_MATH_H 1
| #define HAVE_STRING_H 1
| #define HAVE_STDARG_H 1
| #define HAVE_MALLOC_H 1
| #define HAVE_FLOAT_H 1
| #define HAVE_TIME_H 1
| #define HAVE_SYS_TIME_H 1
| #define HAVE_GL_GL_H 1
| #define HAVE_GL_GLU_H 1
| #define HAVE_GL_GLEXT_H 1
| /* end confdefs.h.  */
| 
| 
| int
| main ()
| {
| return main ();
|   ;
|   return 0;
| }
configure:18974: result: no
configure:18990: checking for main in -lstdc++
configure:19019: gcc -o conftest -g -O2  -DdSINGLE  conftest.c -lstdc++   >&5
configure:19026: $? = 0
configure:19047: result: yes
configure:19056: checking for main in -lpthread
configure:19085: gcc -o conftest -g -O2  -DdSINGLE  conftest.c -lpthread   >&5
configure:19092: $? = 0
configure:19113: result: yes
configure:19149: checking for gprof
configure:19228: result: no
configure:19233: checking for main in -lm
configure:19262: gcc -o conftest -g -O2  -DdSINGLE  conftest.c -lm   -lpthread >&5
configure:19269: $? = 0
configure:19290: result: yes
configure:19302: checking for main in -lsunmath
configure:19331: gcc -o conftest -g -O2  -DdSINGLE  conftest.c -lsunmath  -lm  -lpthread >&5
/usr/bin/ld: cannot find -lsunmath
collect2: ld returned 1 exit status
configure:19338: $? = 1
configure: failed program was:
| /* confdefs.h.  */
| #define PACKAGE_NAME "ODE"
| #define PACKAGE_TARNAME "ode"
| #define PACKAGE_VERSION "0.10.1"
| #define PACKAGE_STRING "ODE 0.10.1"
| #define PACKAGE_BUGREPORT "ode@ode.org"
| #define PACKAGE "ode"
| #define VERSION "0.10.1"
| #define STDC_HEADERS 1
| #define HAVE_SYS_TYPES_H 1
| #define HAVE_SYS_STAT_H 1
| #define HAVE_STDLIB_H 1
| #define HAVE_STRING_H 1
| #define HAVE_MEMORY_H 1
| #define HAVE_STRINGS_H 1
| #define HAVE_INTTYPES_H 1
| #define HAVE_STDINT_H 1
| #define HAVE_UNISTD_H 1
| #define HAVE_DLFCN_H 1
| #define LT_OBJDIR ".libs/"
| #define HAVE__BOOL 1
| #define HAVE_STDBOOL_H 1
| #define PENTIUM 1
| #define HAVE_ALLOCA_H 1
| #define HAVE_STDIO_H 1
| #define HAVE_STDINT_H 1
| #define HAVE_STDLIB_H 1
| #define HAVE_MATH_H 1
| #define HAVE_STRING_H 1
| #define HAVE_STDARG_H 1
| #define HAVE_MALLOC_H 1
| #define HAVE_FLOAT_H 1
| #define HAVE_TIME_H 1
| #define HAVE_SYS_TIME_H 1
| #define HAVE_GL_GL_H 1
| #define HAVE_GL_GLU_H 1
| #define HAVE_GL_GLEXT_H 1
| #define HAVE_LIBM 1
| /* end confdefs.h.  */
| 
| 
| int
| main ()
| {
| return main ();
|   ;
|   return 0;
| }
configure:19359: result: no
configure:19395: checking for floor
configure:19451: gcc -o conftest -g -O2  -DdSINGLE  conftest.c -lm  -lpthread >&5
conftest.c:63: warning: conflicting types for built-in function 'floor'
configure:19458: $? = 0
configure:19480: result: yes
configure:19395: checking for memmove
configure:19451: gcc -o conftest -g -O2  -DdSINGLE  conftest.c -lm  -lpthread >&5
conftest.c:64: warning: conflicting types for built-in function 'memmove'
configure:19458: $? = 0
configure:19480: result: yes
configure:19395: checking for memset
configure:19451: gcc -o conftest -g -O2  -DdSINGLE  conftest.c -lm  -lpthread >&5
conftest.c:65: warning: conflicting types for built-in function 'memset'
configure:19458: $? = 0
configure:19480: result: yes
configure:19395: checking for select
configure:19451: gcc -o conftest -g -O2  -DdSINGLE  conftest.c -lm  -lpthread >&5
configure:19458: $? = 0
configure:19480: result: yes
configure:19395: checking for sqrt
configure:19451: gcc -o conftest -g -O2  -DdSINGLE  conftest.c -lm  -lpthread >&5
conftest.c:67: warning: conflicting types for built-in function 'sqrt'
configure:19458: $? = 0
configure:19480: result: yes
configure:19395: checking for sqrtf
configure:19451: gcc -o conftest -g -O2  -DdSINGLE  conftest.c -lm  -lpthread >&5
conftest.c:68: warning: conflicting types for built-in function 'sqrtf'
configure:19458: $? = 0
configure:19480: result: yes
configure:19395: checking for sinf
configure:19451: gcc -o conftest -g -O2  -DdSINGLE  conftest.c -lm  -lpthread >&5
conftest.c:69: warning: conflicting types for built-in function 'sinf'
configure:19458: $? = 0
configure:19480: result: yes
configure:19395: checking for cosf
configure:19451: gcc -o conftest -g -O2  -DdSINGLE  conftest.c -lm  -lpthread >&5
conftest.c:70: warning: conflicting types for built-in function 'cosf'
configure:19458: $? = 0
configure:19480: result: yes
configure:19395: checking for fabsf
configure:19451: gcc -o conftest -g -O2  -DdSINGLE  conftest.c -lm  -lpthread >&5
conftest.c:71: warning: conflicting types for built-in function 'fabsf'
configure:19458: $? = 0
configure:19480: result: yes
configure:19395: checking for atan2f
configure:19451: gcc -o conftest -g -O2  -DdSINGLE  conftest.c -lm  -lpthread >&5
conftest.c:72: warning: conflicting types for built-in function 'atan2f'
configure:19458: $? = 0
configure:19480: result: yes
configure:19395: checking for fmodf
configure:19451: gcc -o conftest -g -O2  -DdSINGLE  conftest.c -lm  -lpthread >&5
conftest.c:73: warning: conflicting types for built-in function 'fmodf'
configure:19458: $? = 0
configure:19480: result: yes
configure:19395: checking for copysignf
configure:19451: gcc -o conftest -g -O2  -DdSINGLE  conftest.c -lm  -lpthread >&5
conftest.c:74: warning: conflicting types for built-in function 'copysignf'
configure:19458: $? = 0
configure:19480: result: yes
configure:19395: checking for copysign
configure:19451: gcc -o conftest -g -O2  -DdSINGLE  conftest.c -lm  -lpthread >&5
conftest.c:75: warning: conflicting types for built-in function 'copysign'
configure:19458: $? = 0
configure:19480: result: yes
configure:19395: checking for snprintf
configure:19451: gcc -o conftest -g -O2  -DdSINGLE  conftest.c -lm  -lpthread >&5
conftest.c:76: warning: conflicting types for built-in function 'snprintf'
configure:19458: $? = 0
configure:19480: result: yes
configure:19395: checking for vsnprintf
configure:19451: gcc -o conftest -g -O2  -DdSINGLE  conftest.c -lm  -lpthread >&5
conftest.c:77: warning: conflicting types for built-in function 'vsnprintf'
configure:19458: $? = 0
configure:19480: result: yes
configure:19395: checking for gettimeofday
configure:19451: gcc -o conftest -g -O2  -DdSINGLE  conftest.c -lm  -lpthread >&5
configure:19458: $? = 0
configure:19480: result: yes
configure:19395: checking for isnan
configure:19451: gcc -o conftest -g -O2  -DdSINGLE  conftest.c -lm  -lpthread >&5
conftest.c:79: warning: conflicting types for built-in function 'isnan'
configure:19458: $? = 0
configure:19480: result: yes
configure:19395: checking for isnanf
configure:19451: gcc -o conftest -g -O2  -DdSINGLE  conftest.c -lm  -lpthread >&5
conftest.c:80: warning: conflicting types for built-in function 'isnanf'
configure:19458: $? = 0
configure:19480: result: yes
configure:19395: checking for _isnan
configure:19451: gcc -o conftest -g -O2  -DdSINGLE  conftest.c -lm  -lpthread >&5
/tmp/ccgG3qH3.o: In function `main':
/home/nexis/OpenSim/ODE/OpenDynamicsEngine/conftest.c:92: undefined reference to `_isnan'
collect2: ld returned 1 exit status
configure:19458: $? = 1
configure: failed program was:
| /* confdefs.h.  */
| #define PACKAGE_NAME "ODE"
| #define PACKAGE_TARNAME "ode"
| #define PACKAGE_VERSION "0.10.1"
| #define PACKAGE_STRING "ODE 0.10.1"
| #define PACKAGE_BUGREPORT "ode@ode.org"
| #define PACKAGE "ode"
| #define VERSION "0.10.1"
| #define STDC_HEADERS 1
| #define HAVE_SYS_TYPES_H 1
| #define HAVE_SYS_STAT_H 1
| #define HAVE_STDLIB_H 1
| #define HAVE_STRING_H 1
| #define HAVE_MEMORY_H 1
| #define HAVE_STRINGS_H 1
| #define HAVE_INTTYPES_H 1
| #define HAVE_STDINT_H 1
| #define HAVE_UNISTD_H 1
| #define HAVE_DLFCN_H 1
| #define LT_OBJDIR ".libs/"
| #define HAVE__BOOL 1
| #define HAVE_STDBOOL_H 1
| #define PENTIUM 1
| #define HAVE_ALLOCA_H 1
| #define HAVE_STDIO_H 1
| #define HAVE_STDINT_H 1
| #define HAVE_STDLIB_H 1
| #define HAVE_MATH_H 1
| #define HAVE_STRING_H 1
| #define HAVE_STDARG_H 1
| #define HAVE_MALLOC_H 1
| #define HAVE_FLOAT_H 1
| #define HAVE_TIME_H 1
| #define HAVE_SYS_TIME_H 1
| #define HAVE_GL_GL_H 1
| #define HAVE_GL_GLU_H 1
| #define HAVE_GL_GLEXT_H 1
| #define HAVE_LIBM 1
| #define HAVE_FLOOR 1
| #define HAVE_MEMMOVE 1
| #define HAVE_MEMSET 1
| #define HAVE_SELECT 1
| #define HAVE_SQRT 1
| #define HAVE_SQRTF 1
| #define HAVE_SINF 1
| #define HAVE_COSF 1
| #define HAVE_FABSF 1
| #define HAVE_ATAN2F 1
| #define HAVE_FMODF 1
| #define HAVE_COPYSIGNF 1
| #define HAVE_COPYSIGN 1
| #define HAVE_SNPRINTF 1
| #define HAVE_VSNPRINTF 1
| #define HAVE_GETTIMEOFDAY 1
| #define HAVE_ISNAN 1
| #define HAVE_ISNANF 1
| /* end confdefs.h.  */
| /* Define _isnan to an innocuous variant, in case <limits.h> declares _isnan.
|    For example, HP-UX 11i <limits.h> declares gettimeofday.  */
| #define _isnan innocuous__isnan
| 
| /* System header to define __stub macros and hopefully few prototypes,
|     which can conflict with char _isnan (); below.
|     Prefer <limits.h> to <assert.h> if __STDC__ is defined, since
|     <limits.h> exists even on freestanding compilers.  */
| 
| #ifdef __STDC__
| # include <limits.h>
| #else
| # include <assert.h>
| #endif
| 
| #undef _isnan
| 
| /* Override any GCC internal prototype to avoid an error.
|    Use char because int might match the return type of a GCC
|    builtin and then its argument prototype would still apply.  */
| #ifdef __cplusplus
| extern "C"
| #endif
| char _isnan ();
| /* The GNU C library defines this for functions which it implements
|     to always fail with ENOSYS.  Some functions are actually named
|     something starting with __ and the normal name is an alias.  */
| #if defined __stub__isnan || defined __stub____isnan
| choke me
| #endif
| 
| int
| main ()
| {
| return _isnan ();
|   ;
|   return 0;
| }
configure:19480: result: no
configure:19395: checking for _isnanf
configure:19451: gcc -o conftest -g -O2  -DdSINGLE  conftest.c -lm  -lpthread >&5
/tmp/ccybRoxc.o: In function `main':
/home/nexis/OpenSim/ODE/OpenDynamicsEngine/conftest.c:92: undefined reference to `_isnanf'
collect2: ld returned 1 exit status
configure:19458: $? = 1
configure: failed program was:
| /* confdefs.h.  */
| #define PACKAGE_NAME "ODE"
| #define PACKAGE_TARNAME "ode"
| #define PACKAGE_VERSION "0.10.1"
| #define PACKAGE_STRING "ODE 0.10.1"
| #define PACKAGE_BUGREPORT "ode@ode.org"
| #define PACKAGE "ode"
| #define VERSION "0.10.1"
| #define STDC_HEADERS 1
| #define HAVE_SYS_TYPES_H 1
| #define HAVE_SYS_STAT_H 1
| #define HAVE_STDLIB_H 1
| #define HAVE_STRING_H 1
| #define HAVE_MEMORY_H 1
| #define HAVE_STRINGS_H 1
| #define HAVE_INTTYPES_H 1
| #define HAVE_STDINT_H 1
| #define HAVE_UNISTD_H 1
| #define HAVE_DLFCN_H 1
| #define LT_OBJDIR ".libs/"
| #define HAVE__BOOL 1
| #define HAVE_STDBOOL_H 1
| #define PENTIUM 1
| #define HAVE_ALLOCA_H 1
| #define HAVE_STDIO_H 1
| #define HAVE_STDINT_H 1
| #define HAVE_STDLIB_H 1
| #define HAVE_MATH_H 1
| #define HAVE_STRING_H 1
| #define HAVE_STDARG_H 1
| #define HAVE_MALLOC_H 1
| #define HAVE_FLOAT_H 1
| #define HAVE_TIME_H 1
| #define HAVE_SYS_TIME_H 1
| #define HAVE_GL_GL_H 1
| #define HAVE_GL_GLU_H 1
| #define HAVE_GL_GLEXT_H 1
| #define HAVE_LIBM 1
| #define HAVE_FLOOR 1
| #define HAVE_MEMMOVE 1
| #define HAVE_MEMSET 1
| #define HAVE_SELECT 1
| #define HAVE_SQRT 1
| #define HAVE_SQRTF 1
| #define HAVE_SINF 1
| #define HAVE_COSF 1
| #define HAVE_FABSF 1
| #define HAVE_ATAN2F 1
| #define HAVE_FMODF 1
| #define HAVE_COPYSIGNF 1
| #define HAVE_COPYSIGN 1
| #define HAVE_SNPRINTF 1
| #define HAVE_VSNPRINTF 1
| #define HAVE_GETTIMEOFDAY 1
| #define HAVE_ISNAN 1
| #define HAVE_ISNANF 1
| /* end confdefs.h.  */
| /* Define _isnanf to an innocuous variant, in case <limits.h> declares _isnanf.
|    For example, HP-UX 11i <limits.h> declares gettimeofday.  */
| #define _isnanf innocuous__isnanf
| 
| /* System header to define __stub macros and hopefully few prototypes,
|     which can conflict with char _isnanf (); below.
|     Prefer <limits.h> to <assert.h> if __STDC__ is defined, since
|     <limits.h> exists even on freestanding compilers.  */
| 
| #ifdef __STDC__
| # include <limits.h>
| #else
| # include <assert.h>
| #endif
| 
| #undef _isnanf
| 
| /* Override any GCC internal prototype to avoid an error.
|    Use char because int might match the return type of a GCC
|    builtin and then its argument prototype would still apply.  */
| #ifdef __cplusplus
| extern "C"
| #endif
| char _isnanf ();
| /* The GNU C library defines this for functions which it implements
|     to always fail with ENOSYS.  Some functions are actually named
|     something starting with __ and the normal name is an alias.  */
| #if defined __stub__isnanf || defined __stub____isnanf
| choke me
| #endif
| 
| int
| main ()
| {
| return _isnanf ();
|   ;
|   return 0;
| }
configure:19480: result: no
configure:19395: checking for __isnan
configure:19451: gcc -o conftest -g -O2  -DdSINGLE  conftest.c -lm  -lpthread >&5
configure:19458: $? = 0
configure:19480: result: yes
configure:19395: checking for __isnanf
configure:19451: gcc -o conftest -g -O2  -DdSINGLE  conftest.c -lm  -lpthread >&5
configure:19458: $? = 0
configure:19480: result: yes
configure:19494: checking for working alloca.h
configure:19521: gcc -o conftest -g -O2  -DdSINGLE  conftest.c -lm  -lpthread >&5
configure:19528: $? = 0
configure:19548: result: yes
configure:19558: checking for alloca
configure:19605: gcc -o conftest -g -O2  -DdSINGLE  conftest.c -lm  -lpthread >&5
configure:19612: $? = 0
configure:19632: result: yes
configure:19874: checking for stdlib.h
configure:19881: result: yes
configure:20020: checking for GNU libc compatible malloc
configure:20054: gcc -o conftest -g -O2  -DdSINGLE  conftest.c -lm  -lpthread >&5
configure:20058: $? = 0
configure:20064: ./conftest
configure:20068: $? = 0
configure:20085: result: yes
configure:20113: checking for obstacks
configure:20144: gcc -o conftest -g -O2  -DdSINGLE  conftest.c -lm  -lpthread >&5
configure:20151: $? = 0
configure:20171: result: yes
configure:20193: checking for stdlib.h
configure:20200: result: yes
configure:20339: checking for GNU libc compatible realloc
configure:20373: gcc -o conftest -g -O2  -DdSINGLE  conftest.c -lm  -lpthread >&5
configure:20377: $? = 0
configure:20383: ./conftest
configure:20387: $? = 0
configure:20404: result: yes
configure:20449: checking sys/select.h usability
configure:20466: gcc -c -g -O2  -DdSINGLE conftest.c >&5
configure:20473: $? = 0
configure:20487: result: yes
configure:20491: checking sys/select.h presence
configure:20506: gcc -E  -DdSINGLE conftest.c
configure:20513: $? = 0
configure:20527: result: yes
configure:20560: checking for sys/select.h
configure:20569: result: yes
configure:20449: checking sys/socket.h usability
configure:20466: gcc -c -g -O2  -DdSINGLE conftest.c >&5
configure:20473: $? = 0
configure:20487: result: yes
configure:20491: checking sys/socket.h presence
configure:20506: gcc -E  -DdSINGLE conftest.c
configure:20513: $? = 0
configure:20527: result: yes
configure:20560: checking for sys/socket.h
configure:20569: result: yes
configure:20584: checking types of arguments for select
configure:20622: gcc -c -g -O2  -DdSINGLE conftest.c >&5
configure:20629: $? = 0
configure:20650: result: int,fd_set *,struct timeval *
configure:20677: checking for vprintf
configure:20733: gcc -o conftest -g -O2  -DdSINGLE  conftest.c -lm  -lpthread >&5
conftest.c:95: warning: conflicting types for built-in function 'vprintf'
configure:20740: $? = 0
configure:20762: result: yes
configure:20771: checking for _doprnt
configure:20827: gcc -o conftest -g -O2  -DdSINGLE  conftest.c -lm  -lpthread >&5
/tmp/ccItpzw1.o: In function `main':
/home/nexis/OpenSim/ODE/OpenDynamicsEngine/conftest.c:107: undefined reference to `_doprnt'
collect2: ld returned 1 exit status
configure:20834: $? = 1
configure: failed program was:
| /* confdefs.h.  */
| #define PACKAGE_NAME "ODE"
| #define PACKAGE_TARNAME "ode"
| #define PACKAGE_VERSION "0.10.1"
| #define PACKAGE_STRING "ODE 0.10.1"
| #define PACKAGE_BUGREPORT "ode@ode.org"
| #define PACKAGE "ode"
| #define VERSION "0.10.1"
| #define STDC_HEADERS 1
| #define HAVE_SYS_TYPES_H 1
| #define HAVE_SYS_STAT_H 1
| #define HAVE_STDLIB_H 1
| #define HAVE_STRING_H 1
| #define HAVE_MEMORY_H 1
| #define HAVE_STRINGS_H 1
| #define HAVE_INTTYPES_H 1
| #define HAVE_STDINT_H 1
| #define HAVE_UNISTD_H 1
| #define HAVE_DLFCN_H 1
| #define LT_OBJDIR ".libs/"
| #define HAVE__BOOL 1
| #define HAVE_STDBOOL_H 1
| #define PENTIUM 1
| #define HAVE_ALLOCA_H 1
| #define HAVE_STDIO_H 1
| #define HAVE_STDINT_H 1
| #define HAVE_STDLIB_H 1
| #define HAVE_MATH_H 1
| #define HAVE_STRING_H 1
| #define HAVE_STDARG_H 1
| #define HAVE_MALLOC_H 1
| #define HAVE_FLOAT_H 1
| #define HAVE_TIME_H 1
| #define HAVE_SYS_TIME_H 1
| #define HAVE_GL_GL_H 1
| #define HAVE_GL_GLU_H 1
| #define HAVE_GL_GLEXT_H 1
| #define HAVE_LIBM 1
| #define HAVE_FLOOR 1
| #define HAVE_MEMMOVE 1
| #define HAVE_MEMSET 1
| #define HAVE_SELECT 1
| #define HAVE_SQRT 1
| #define HAVE_SQRTF 1
| #define HAVE_SINF 1
| #define HAVE_COSF 1
| #define HAVE_FABSF 1
| #define HAVE_ATAN2F 1
| #define HAVE_FMODF 1
| #define HAVE_COPYSIGNF 1
| #define HAVE_COPYSIGN 1
| #define HAVE_SNPRINTF 1
| #define HAVE_VSNPRINTF 1
| #define HAVE_GETTIMEOFDAY 1
| #define HAVE_ISNAN 1
| #define HAVE_ISNANF 1
| #define HAVE___ISNAN 1
| #define HAVE___ISNANF 1
| #define HAVE_ALLOCA_H 1
| #define HAVE_ALLOCA 1
| #define HAVE_STDLIB_H 1
| #define HAVE_MALLOC 1
| #define HAVE_OBSTACK 1
| #define HAVE_STDLIB_H 1
| #define HAVE_REALLOC 1
| #define HAVE_SYS_SELECT_H 1
| #define HAVE_SYS_SOCKET_H 1
| #define SELECT_TYPE_ARG1 int
| #define SELECT_TYPE_ARG234 (fd_set *)
| #define SELECT_TYPE_ARG5 (struct timeval *)
| #define HAVE_VPRINTF 1
| /* end confdefs.h.  */
| /* Define _doprnt to an innocuous variant, in case <limits.h> declares _doprnt.
|    For example, HP-UX 11i <limits.h> declares gettimeofday.  */
| #define _doprnt innocuous__doprnt
| 
| /* System header to define __stub macros and hopefully few prototypes,
|     which can conflict with char _doprnt (); below.
|     Prefer <limits.h> to <assert.h> if __STDC__ is defined, since
|     <limits.h> exists even on freestanding compilers.  */
| 
| #ifdef __STDC__
| # include <limits.h>
| #else
| # include <assert.h>
| #endif
| 
| #undef _doprnt
| 
| /* Override any GCC internal prototype to avoid an error.
|    Use char because int might match the return type of a GCC
|    builtin and then its argument prototype would still apply.  */
| #ifdef __cplusplus
| extern "C"
| #endif
| char _doprnt ();
| /* The GNU C library defines this for functions which it implements
|     to always fail with ENOSYS.  Some functions are actually named
|     something starting with __ and the normal name is an alias.  */
| #if defined __stub__doprnt || defined __stub____doprnt
| choke me
| #endif
| 
| int
| main ()
| {
| return _doprnt ();
|   ;
|   return 0;
| }
configure:20854: result: no
configure:20869: checking if alloca should be emulated by malloc
configure:20888: result: no
configure:21473: creating ./config.status

## ---------------------- ##
## Running config.status. ##
## ---------------------- ##

This file was extended by ODE config.status 0.10.1, which was
generated by GNU Autoconf 2.63.  Invocation command line was

  CONFIG_FILES    = 
  CONFIG_HEADERS  = 
  CONFIG_LINKS    = 
  CONFIG_COMMANDS = 
  $ ./config.status 

on RAGE

config.status:1156: creating Makefile
config.status:1156: creating include/Makefile
config.status:1156: creating include/ode/Makefile
config.status:1156: creating include/drawstuff/Makefile
config.status:1156: creating ode/Makefile
config.status:1156: creating ode/src/Makefile
config.status:1156: creating ode/src/joints/Makefile
config.status:1156: creating drawstuff/Makefile
config.status:1156: creating drawstuff/src/Makefile
config.status:1156: creating drawstuff/dstest/Makefile
config.status:1156: creating ode/demo/Makefile
config.status:1156: creating OPCODE/Makefile
config.status:1156: creating OPCODE/Ice/Makefile
config.status:1156: creating GIMPACT/Makefile
config.status:1156: creating GIMPACT/include/Makefile
config.status:1156: creating GIMPACT/include/GIMPACT/Makefile
config.status:1156: creating GIMPACT/src/Makefile
config.status:1156: creating tests/Makefile
config.status:1156: creating tests/UnitTest++/Makefile
config.status:1156: creating tests/UnitTest++/src/Makefile
config.status:1156: creating tests/UnitTest++/src/Posix/Makefile
config.status:1156: creating tests/UnitTest++/src/Win32/Makefile
config.status:1156: creating ode-config
config.status:1156: creating ode.pc
config.status:1156: creating ode/src/config.h
config.status:1430: executing depfiles commands
config.status:1430: executing libtool commands
configure:24060: === configuring in ou (/home/nexis/OpenSim/ODE/OpenDynamicsEngine/ou)
configure:24163: running /bin/bash ./configure --disable-option-checking '--prefix=/usr/local'  '--with-trimesh=gimpact' '--enable-shared' --cache-file=/dev/null --srcdir=.

## ---------------- ##
## Cache variables. ##
## ---------------- ##

ac_cv_build=i686-pc-linux-gnu
ac_cv_c_bigendian=no
ac_cv_c_compiler_gnu=yes
ac_cv_c_inline=inline
ac_cv_c_volatile=yes
ac_cv_cxx_compiler_gnu=yes
ac_cv_env_CCC_set=
ac_cv_env_CCC_value=
ac_cv_env_CC_set=
ac_cv_env_CC_value=
ac_cv_env_CFLAGS_set=
ac_cv_env_CFLAGS_value=
ac_cv_env_CPPFLAGS_set=
ac_cv_env_CPPFLAGS_value=
ac_cv_env_CPP_set=
ac_cv_env_CPP_value=
ac_cv_env_CXXCPP_set=
ac_cv_env_CXXCPP_value=
ac_cv_env_CXXFLAGS_set=
ac_cv_env_CXXFLAGS_value=
ac_cv_env_CXX_set=
ac_cv_env_CXX_value=
ac_cv_env_LDFLAGS_set=
ac_cv_env_LDFLAGS_value=
ac_cv_env_LIBS_set=
ac_cv_env_LIBS_value=
ac_cv_env_XMKMF_set=
ac_cv_env_XMKMF_value=
ac_cv_env_build_alias_set=
ac_cv_env_build_alias_value=
ac_cv_env_host_alias_set=
ac_cv_env_host_alias_value=
ac_cv_env_target_alias_set=
ac_cv_env_target_alias_value=
ac_cv_func___isnan=yes
ac_cv_func___isnanf=yes
ac_cv_func__doprnt=no
ac_cv_func__isnan=no
ac_cv_func__isnanf=no
ac_cv_func_alloca_works=yes
ac_cv_func_atan2f=yes
ac_cv_func_connect=yes
ac_cv_func_copysign=yes
ac_cv_func_copysignf=yes
ac_cv_func_cosf=yes
ac_cv_func_fabsf=yes
ac_cv_func_floor=yes
ac_cv_func_fmodf=yes
ac_cv_func_gethostbyname=yes
ac_cv_func_gettimeofday=yes
ac_cv_func_isnan=yes
ac_cv_func_isnanf=yes
ac_cv_func_malloc_0_nonnull=yes
ac_cv_func_memmove=yes
ac_cv_func_memset=yes
ac_cv_func_obstack=yes
ac_cv_func_realloc_0_nonnull=yes
ac_cv_func_remove=yes
ac_cv_func_select=yes
ac_cv_func_select_args='int,fd_set *,struct timeval *'
ac_cv_func_shmat=yes
ac_cv_func_sinf=yes
ac_cv_func_snprintf=yes
ac_cv_func_sqrt=yes
ac_cv_func_sqrtf=yes
ac_cv_func_vprintf=yes
ac_cv_func_vsnprintf=yes
ac_cv_have_x='have_x=yes	ac_x_includes='\'''\''	ac_x_libraries='\'''\'''
ac_cv_header_GL_gl_h=yes
ac_cv_header_GL_glext_h=yes
ac_cv_header_GL_glu_h=yes
ac_cv_header_alloca_h=yes
ac_cv_header_dlfcn_h=yes
ac_cv_header_float_h=yes
ac_cv_header_inttypes_h=yes
ac_cv_header_malloc_h=yes
ac_cv_header_math_h=yes
ac_cv_header_memory_h=yes
ac_cv_header_stdarg_h=yes
ac_cv_header_stdbool_h=yes
ac_cv_header_stdc=yes
ac_cv_header_stdint_h=yes
ac_cv_header_stdio_h=yes
ac_cv_header_stdlib_h=yes
ac_cv_header_string_h=yes
ac_cv_header_strings_h=yes
ac_cv_header_sys_select_h=yes
ac_cv_header_sys_socket_h=yes
ac_cv_header_sys_stat_h=yes
ac_cv_header_sys_time_h=yes
ac_cv_header_sys_types_h=yes
ac_cv_header_time_h=yes
ac_cv_header_unistd_h=yes
ac_cv_host=i686-pc-linux-gnu
ac_cv_lib_GLU_main=yes
ac_cv_lib_GL_main=yes
ac_cv_lib_ICE_IceConnectionNumber=yes
ac_cv_lib_glu32_main=no
ac_cv_lib_m_main=yes
ac_cv_lib_opengl32_main=no
ac_cv_lib_pthread_main=yes
ac_cv_lib_stdcpp_main=yes
ac_cv_lib_sunmath_main=no
ac_cv_objext=o
ac_cv_path_EGREP='/bin/grep -E'
ac_cv_path_FGREP='/bin/grep -F'
ac_cv_path_GREP=/bin/grep
ac_cv_path_SED=/bin/sed
ac_cv_path_install='/usr/bin/install -c'
ac_cv_path_mkdir=/bin/mkdir
ac_cv_prog_AWK=mawk
ac_cv_prog_CPP='gcc -E'
ac_cv_prog_CXXCPP='g++ -E'
ac_cv_prog_ac_ct_AR=ar
ac_cv_prog_ac_ct_CC=gcc
ac_cv_prog_ac_ct_CXX=g++
ac_cv_prog_ac_ct_OBJDUMP=objdump
ac_cv_prog_ac_ct_RANLIB=ranlib
ac_cv_prog_ac_ct_STRIP=strip
ac_cv_prog_cc_c89=
ac_cv_prog_cc_g=yes
ac_cv_prog_cc_gcc_c_o=yes
ac_cv_prog_cxx_g=yes
ac_cv_prog_make_make_set=yes
ac_cv_type__Bool=yes
ac_cv_type_size_t=yes
ac_cv_working_alloca_h=yes
am_cv_CC_dependencies_compiler_type=gcc3
am_cv_CXX_dependencies_compiler_type=gcc3
lt_cv_deplibs_check_method=pass_all
lt_cv_file_magic_cmd='$MAGIC_CMD'
lt_cv_file_magic_test_file=
lt_cv_ld_reload_flag=-r
lt_cv_nm_interface='BSD nm'
lt_cv_objdir=.libs
lt_cv_path_LD=/usr/bin/ld
lt_cv_path_LDCXX=/usr/bin/ld
lt_cv_path_NM='/usr/bin/nm -B'
lt_cv_prog_compiler_c_o=yes
lt_cv_prog_compiler_c_o_CXX=yes
lt_cv_prog_compiler_pic_works=yes
lt_cv_prog_compiler_pic_works_CXX=yes
lt_cv_prog_compiler_rtti_exceptions=no
lt_cv_prog_compiler_static_works=yes
lt_cv_prog_compiler_static_works_CXX=yes
lt_cv_prog_gnu_ld=yes
lt_cv_prog_gnu_ldcxx=yes
lt_cv_sys_global_symbol_pipe='sed -n -e '\''s/^.*[	 ]\([ABCDGIRSTW][ABCDGIRSTW]*\)[	 ][	 ]*\([_A-Za-z][_A-Za-z0-9]*\)$/\1 \2 \2/p'\'''
lt_cv_sys_global_symbol_to_c_name_address='sed -n -e '\''s/^: \([^ ]*\) $/  {\"\1\", (void *) 0},/p'\'' -e '\''s/^[ABCDGIRSTW]* \([^ ]*\) \([^ ]*\)$/  {"\2", (void *) \&\2},/p'\'''
lt_cv_sys_global_symbol_to_c_name_address_lib_prefix='sed -n -e '\''s/^: \([^ ]*\) $/  {\"\1\", (void *) 0},/p'\'' -e '\''s/^[ABCDGIRSTW]* \([^ ]*\) \(lib[^ ]*\)$/  {"\2", (void *) \&\2},/p'\'' -e '\''s/^[ABCDGIRSTW]* \([^ ]*\) \([^ ]*\)$/  {"lib\2", (void *) \&\2},/p'\'''
lt_cv_sys_global_symbol_to_cdecl='sed -n -e '\''s/^T .* \(.*\)$/extern int \1();/p'\'' -e '\''s/^[ABCDGIRSTW]* .* \(.*\)$/extern char \1;/p'\'''
lt_cv_sys_max_cmd_len=1572864

## ----------------- ##
## Output variables. ##
## ----------------- ##

ACLOCAL='${SHELL} /home/nexis/OpenSim/ODE/OpenDynamicsEngine/missing --run aclocal-1.10'
ALLOCA=''
AMDEPBACKSLASH='\'
AMDEP_FALSE='#'
AMDEP_TRUE=''
AMTAR='${SHELL} /home/nexis/OpenSim/ODE/OpenDynamicsEngine/missing --run tar'
AR='ar'
AS='as'
AUTOCONF='${SHELL} /home/nexis/OpenSim/ODE/OpenDynamicsEngine/missing --run autoconf'
AUTOHEADER='${SHELL} /home/nexis/OpenSim/ODE/OpenDynamicsEngine/missing --run autoheader'
AUTOMAKE='${SHELL} /home/nexis/OpenSim/ODE/OpenDynamicsEngine/missing --run automake-1.10'
AWK='mawk'
CC='gcc'
CCDEPMODE='depmode=gcc3'
CFLAGS='-g -O2'
CPP='gcc -E'
CPPFLAGS=' -DdSINGLE'
CXX='g++'
CXXCPP='g++ -E'
CXXDEPMODE='depmode=gcc3'
CXXFLAGS='-g -O2'
CYGPATH_W='echo'
DEFS='-DHAVE_CONFIG_H'
DEPDIR='.deps'
DLLTOOL='dlltool'
DSYMUTIL=''
DUMPBIN=''
ECHO_C=''
ECHO_N='-n'
ECHO_T=''
EGREP='/bin/grep -E'
ENABLE_DEMOS_FALSE='#'
ENABLE_DEMOS_TRUE=''
ENABLE_DRAWSTUFF_FALSE='#'
ENABLE_DRAWSTUFF_TRUE=''
ENABLE_OU_FALSE=''
ENABLE_OU_TRUE='#'
EXEEXT=''
EXTRA_LIBTOOL_LDFLAGS=''
FGREP='/bin/grep -F'
GIMPACT_FALSE='#'
GIMPACT_TRUE=''
GL_LIBS=' -lGL -lGLU'
GREP='/bin/grep'
INSTALL_DATA='${INSTALL} -m 644'
INSTALL_PROGRAM='${INSTALL}'
INSTALL_SCRIPT='${INSTALL}'
INSTALL_STRIP_PROGRAM='$(install_sh) -c -s'
LD='/usr/bin/ld'
LDFLAGS=''
LIBOBJS=''
LIBS='-lm  -lpthread'
LIBSTDCXX='-lstdc++'
LIBTOOL='$(SHELL) $(top_builddir)/libtool'
LIPO=''
LN_S='ln -s'
LTLIBOBJS=''
MAKEINFO='${SHELL} /home/nexis/OpenSim/ODE/OpenDynamicsEngine/missing --run makeinfo'
MKDIR_P='/bin/mkdir -p'
NM='/usr/bin/nm -B'
NMEDIT=''
OBJDUMP='objdump'
OBJEXT='o'
ODE_PRECISION='-DdSINGLE'
ODE_RELEASE='0.10.1'
ODE_VERSION_INFO='-version-info 1:0:0'
OPCODE_FALSE=''
OPCODE_TRUE='#'
OSX_FALSE=''
OSX_TRUE='#'
OTOOL64=''
OTOOL=''
PACKAGE='ode'
PACKAGE_BUGREPORT='ode@ode.org'
PACKAGE_NAME='ODE'
PACKAGE_STRING='ODE 0.10.1'
PACKAGE_TARNAME='ode'
PACKAGE_VERSION='0.10.1'
PATH_SEPARATOR=':'
RANLIB='ranlib'
SED='/bin/sed'
SET_MAKE=''
SHELL='/bin/bash'
STRIP='strip'
TRIMESH_FALSE='#'
TRIMESH_TRUE=''
VERSION='0.10.1'
WIN32_FALSE=''
WIN32_TRUE='#'
WINDRES=''
X11_FALSE='#'
X11_TRUE=''
X86_64_SYSTEM_FALSE=''
X86_64_SYSTEM_TRUE='#'
XMKMF=''
X_CFLAGS=''
X_EXTRA_LIBS=''
X_LIBS=''
X_PRE_LIBS=' -lSM -lICE'
ac_ct_CC='gcc'
ac_ct_CXX='g++'
ac_ct_DUMPBIN=''
ac_ct_WINDRES=''
am__fastdepCC_FALSE='#'
am__fastdepCC_TRUE=''
am__fastdepCXX_FALSE='#'
am__fastdepCXX_TRUE=''
am__include='include'
am__isrc=''
am__leading_dot='.'
am__quote=''
am__tar='${AMTAR} chof - "$$tardir"'
am__untar='${AMTAR} xf -'
bindir='${exec_prefix}/bin'
build='i686-pc-linux-gnu'
build_alias=''
build_cpu='i686'
build_os='linux-gnu'
build_vendor='pc'
datadir='${datarootdir}'
datarootdir='${prefix}/share'
docdir='${datarootdir}/doc/${PACKAGE_TARNAME}'
dvidir='${docdir}'
exec_prefix='${prefix}'
host='i686-pc-linux-gnu'
host_alias=''
host_cpu='i686'
host_os='linux-gnu'
host_vendor='pc'
htmldir='${docdir}'
includedir='${prefix}/include'
infodir='${datarootdir}/info'
install_sh='$(SHELL) /home/nexis/OpenSim/ODE/OpenDynamicsEngine/install-sh'
libdir='${exec_prefix}/lib'
libexecdir='${exec_prefix}/libexec'
localedir='${datarootdir}/locale'
localstatedir='${prefix}/var'
lt_ECHO='echo'
mandir='${datarootdir}/man'
mkdir_p='/bin/mkdir -p'
oldincludedir='/usr/include'
pdfdir='${docdir}'
prefix='/usr/local'
program_transform_name='s,x,x,'
psdir='${docdir}'
sbindir='${exec_prefix}/sbin'
sharedstatedir='${prefix}/com'
subdirs=' ou'
sysconfdir='${prefix}/etc'
target_alias=''

## ----------- ##
## confdefs.h. ##
## ----------- ##

#define PACKAGE_NAME "ODE"
#define PACKAGE_TARNAME "ode"
#define PACKAGE_VERSION "0.10.1"
#define PACKAGE_STRING "ODE 0.10.1"
#define PACKAGE_BUGREPORT "ode@ode.org"
#define PACKAGE "ode"
#define VERSION "0.10.1"
#define STDC_HEADERS 1
#define HAVE_SYS_TYPES_H 1
#define HAVE_SYS_STAT_H 1
#define HAVE_STDLIB_H 1
#define HAVE_STRING_H 1
#define HAVE_MEMORY_H 1
#define HAVE_STRINGS_H 1
#define HAVE_INTTYPES_H 1
#define HAVE_STDINT_H 1
#define HAVE_UNISTD_H 1
#define HAVE_DLFCN_H 1
#define LT_OBJDIR ".libs/"
#define HAVE__BOOL 1
#define HAVE_STDBOOL_H 1
#define PENTIUM 1
#define HAVE_ALLOCA_H 1
#define HAVE_STDIO_H 1
#define HAVE_STDINT_H 1
#define HAVE_STDLIB_H 1
#define HAVE_MATH_H 1
#define HAVE_STRING_H 1
#define HAVE_STDARG_H 1
#define HAVE_MALLOC_H 1
#define HAVE_FLOAT_H 1
#define HAVE_TIME_H 1
#define HAVE_SYS_TIME_H 1
#define HAVE_GL_GL_H 1
#define HAVE_GL_GLU_H 1
#define HAVE_GL_GLEXT_H 1
#define HAVE_LIBM 1
#define HAVE_FLOOR 1
#define HAVE_MEMMOVE 1
#define HAVE_MEMSET 1
#define HAVE_SELECT 1
#define HAVE_SQRT 1
#define HAVE_SQRTF 1
#define HAVE_SINF 1
#define HAVE_COSF 1
#define HAVE_FABSF 1
#define HAVE_ATAN2F 1
#define HAVE_FMODF 1
#define HAVE_COPYSIGNF 1
#define HAVE_COPYSIGN 1
#define HAVE_SNPRINTF 1
#define HAVE_VSNPRINTF 1
#define HAVE_GETTIMEOFDAY 1
#define HAVE_ISNAN 1
#define HAVE_ISNANF 1
#define HAVE___ISNAN 1
#define HAVE___ISNANF 1
#define HAVE_ALLOCA_H 1
#define HAVE_ALLOCA 1
#define HAVE_STDLIB_H 1
#define HAVE_MALLOC 1
#define HAVE_OBSTACK 1
#define HAVE_STDLIB_H 1
#define HAVE_REALLOC 1
#define HAVE_SYS_SELECT_H 1
#define HAVE_SYS_SOCKET_H 1
#define SELECT_TYPE_ARG1 int
#define SELECT_TYPE_ARG234 (fd_set *)
#define SELECT_TYPE_ARG5 (struct timeval *)
#define HAVE_VPRINTF 1

configure: exit 0
