This file contains any messages produced by compilers while
running configure, to aid debugging if configure makes a mistake.

It was created by ou configure 0, which was
generated by GNU Autoconf 2.63.  Invocation command line was

  $ ./configure --disable-option-checking --prefix=/usr/local --with-trimesh=gimpact --enable-shared --cache-file=/dev/null --srcdir=.

## --------- ##
## Platform. ##
## --------- ##

hostname = RAGE
uname -m = i686
uname -r = 2.6.28-16-generic
uname -s = Linux
uname -v = #55-Ubuntu SMP Tue Oct 20 19:48:24 UTC 2009

/usr/bin/uname -p = unknown
/bin/uname -X     = unknown

/bin/arch              = unknown
/usr/bin/arch -k       = unknown
/usr/convex/getsysinfo = unknown
/usr/bin/hostinfo      = unknown
/bin/machine           = unknown
/usr/bin/oslevel       = unknown
/bin/universe          = unknown

PATH: /home/nexis/bin
PATH: /usr/local/sbin
PATH: /usr/local/bin
PATH: /usr/sbin
PATH: /usr/bin
PATH: /sbin
PATH: /bin
PATH: /usr/games


## ----------- ##
## Core tests. ##
## ----------- ##

configure:2081: checking build system type
configure:2099: result: i686-pc-linux-gnu
configure:2121: checking host system type
configure:2136: result: i686-pc-linux-gnu
configure:2206: checking for gcc
configure:2222: found /usr/bin/gcc
configure:2233: result: gcc
configure:2465: checking for C compiler version
configure:2473: gcc --version >&5
gcc (Ubuntu 4.3.3-5ubuntu4) 4.3.3
Copyright (C) 2008 Free Software Foundation, Inc.
This is free software; see the source for copying conditions.  There is NO
warranty; not even for MERCHANTABILITY or FITNESS FOR A PARTICULAR PURPOSE.

configure:2477: $? = 0
configure:2484: gcc -v >&5
Using built-in specs.
Target: i486-linux-gnu
Configured with: ../src/configure -v --with-pkgversion='Ubuntu 4.3.3-5ubuntu4' --with-bugurl=file:///usr/share/doc/gcc-4.3/README.Bugs --enable-languages=c,c++,fortran,objc,obj-c++ --prefix=/usr --enable-shared --with-system-zlib --libexecdir=/usr/lib --without-included-gettext --enable-threads=posix --enable-nls --with-gxx-include-dir=/usr/include/c++/4.3 --program-suffix=-4.3 --enable-clocale=gnu --enable-libstdcxx-debug --enable-objc-gc --enable-mpfr --enable-targets=all --with-tune=generic --enable-checking=release --build=i486-linux-gnu --host=i486-linux-gnu --target=i486-linux-gnu
Thread model: posix
gcc version 4.3.3 (Ubuntu 4.3.3-5ubuntu4) 
configure:2488: $? = 0
configure:2495: gcc -V >&5
gcc: '-V' option must have argument
configure:2499: $? = 1
configure:2522: checking for C compiler default output file name
configure:2544: gcc    conftest.c  >&5
configure:2548: $? = 0
configure:2586: result: a.out
configure:2605: checking whether the C compiler works
configure:2615: ./a.out
configure:2619: $? = 0
configure:2638: result: yes
configure:2645: checking whether we are cross compiling
configure:2647: result: no
configure:2650: checking for suffix of executables
configure:2657: gcc -o conftest    conftest.c  >&5
configure:2661: $? = 0
configure:2687: result: 
configure:2693: checking for suffix of object files
configure:2719: gcc -c   conftest.c >&5
configure:2723: $? = 0
configure:2748: result: o
configure:2752: checking whether we are using the GNU C compiler
configure:2781: gcc -c   conftest.c >&5
configure:2788: $? = 0
configure:2805: result: yes
configure:2814: checking whether gcc accepts -g
configure:2844: gcc -c -g  conftest.c >&5
configure:2851: $? = 0
configure:2952: result: yes
configure:2969: checking for gcc option to accept ISO C89
configure:3043: gcc  -c -g -O2  conftest.c >&5
configure:3050: $? = 0
configure:3073: result: none needed
configure:3097: checking how to run the C preprocessor
configure:3137: gcc -E  conftest.c
configure:3144: $? = 0
configure:3175: gcc -E  conftest.c
conftest.c:8:28: error: ac_nonexistent.h: No such file or directory
configure:3182: $? = 1
configure: failed program was:
| /* confdefs.h.  */
| #define PACKAGE_NAME "ou"
| #define PACKAGE_TARNAME "ou"
| #define PACKAGE_VERSION "0"
| #define PACKAGE_STRING "ou 0"
| #define PACKAGE_BUGREPORT "oleh_derevenko@users.sourceforge.net"
| /* end confdefs.h.  */
| #include <ac_nonexistent.h>
configure:3215: result: gcc -E
configure:3244: gcc -E  conftest.c
configure:3251: $? = 0
configure:3282: gcc -E  conftest.c
conftest.c:8:28: error: ac_nonexistent.h: No such file or directory
configure:3289: $? = 1
configure: failed program was:
| /* confdefs.h.  */
| #define PACKAGE_NAME "ou"
| #define PACKAGE_TARNAME "ou"
| #define PACKAGE_VERSION "0"
| #define PACKAGE_STRING "ou 0"
| #define PACKAGE_BUGREPORT "oleh_derevenko@users.sourceforge.net"
| /* end confdefs.h.  */
| #include <ac_nonexistent.h>
configure:3329: checking for grep that handles long lines and -e
configure:3389: result: /bin/grep
configure:3394: checking for egrep
configure:3458: result: /bin/grep -E
configure:3463: checking for ANSI C header files
configure:3493: gcc -c -g -O2  conftest.c >&5
configure:3500: $? = 0
configure:3599: gcc -o conftest -g -O2   conftest.c  >&5
configure:3603: $? = 0
configure:3609: ./conftest
configure:3613: $? = 0
configure:3631: result: yes
configure:3655: checking for sys/types.h
configure:3676: gcc -c -g -O2  conftest.c >&5
configure:3683: $? = 0
configure:3700: result: yes
configure:3655: checking for sys/stat.h
configure:3676: gcc -c -g -O2  conftest.c >&5
configure:3683: $? = 0
configure:3700: result: yes
configure:3655: checking for stdlib.h
configure:3676: gcc -c -g -O2  conftest.c >&5
configure:3683: $? = 0
configure:3700: result: yes
configure:3655: checking for string.h
configure:3676: gcc -c -g -O2  conftest.c >&5
configure:3683: $? = 0
configure:3700: result: yes
configure:3655: checking for memory.h
configure:3676: gcc -c -g -O2  conftest.c >&5
configure:3683: $? = 0
configure:3700: result: yes
configure:3655: checking for strings.h
configure:3676: gcc -c -g -O2  conftest.c >&5
configure:3683: $? = 0
configure:3700: result: yes
configure:3655: checking for inttypes.h
configure:3676: gcc -c -g -O2  conftest.c >&5
configure:3683: $? = 0
configure:3700: result: yes
configure:3655: checking for stdint.h
configure:3676: gcc -c -g -O2  conftest.c >&5
configure:3683: $? = 0
configure:3700: result: yes
configure:3655: checking for unistd.h
configure:3676: gcc -c -g -O2  conftest.c >&5
configure:3683: $? = 0
configure:3700: result: yes
configure:3725: checking minix/config.h usability
configure:3742: gcc -c -g -O2  conftest.c >&5
conftest.c:51:26: error: minix/config.h: No such file or directory
configure:3749: $? = 1
configure: failed program was:
| /* confdefs.h.  */
| #define PACKAGE_NAME "ou"
| #define PACKAGE_TARNAME "ou"
| #define PACKAGE_VERSION "0"
| #define PACKAGE_STRING "ou 0"
| #define PACKAGE_BUGREPORT "oleh_derevenko@users.sourceforge.net"
| #define STDC_HEADERS 1
| #define HAVE_SYS_TYPES_H 1
| #define HAVE_SYS_STAT_H 1
| #define HAVE_STDLIB_H 1
| #define HAVE_STRING_H 1
| #define HAVE_MEMORY_H 1
| #define HAVE_STRINGS_H 1
| #define HAVE_INTTYPES_H 1
| #define HAVE_STDINT_H 1
| #define HAVE_UNISTD_H 1
| /* end confdefs.h.  */
| #include <stdio.h>
| #ifdef HAVE_SYS_TYPES_H
| # include <sys/types.h>
| #endif
| #ifdef HAVE_SYS_STAT_H
| # include <sys/stat.h>
| #endif
| #ifdef STDC_HEADERS
| # include <stdlib.h>
| # include <stddef.h>
| #else
| # ifdef HAVE_STDLIB_H
| #  include <stdlib.h>
| # endif
| #endif
| #ifdef HAVE_STRING_H
| # if !defined STDC_HEADERS && defined HAVE_MEMORY_H
| #  include <memory.h>
| # endif
| # include <string.h>
| #endif
| #ifdef HAVE_STRINGS_H
| # include <strings.h>
| #endif
| #ifdef HAVE_INTTYPES_H
| # include <inttypes.h>
| #endif
| #ifdef HAVE_STDINT_H
| # include <stdint.h>
| #endif
| #ifdef HAVE_UNISTD_H
| # include <unistd.h>
| #endif
| #include <minix/config.h>
configure:3763: result: no
configure:3767: checking minix/config.h presence
configure:3782: gcc -E  conftest.c
conftest.c:18:26: error: minix/config.h: No such file or directory
configure:3789: $? = 1
configure: failed program was:
| /* confdefs.h.  */
| #define PACKAGE_NAME "ou"
| #define PACKAGE_TARNAME "ou"
| #define PACKAGE_VERSION "0"
| #define PACKAGE_STRING "ou 0"
| #define PACKAGE_BUGREPORT "oleh_derevenko@users.sourceforge.net"
| #define STDC_HEADERS 1
| #define HAVE_SYS_TYPES_H 1
| #define HAVE_SYS_STAT_H 1
| #define HAVE_STDLIB_H 1
| #define HAVE_STRING_H 1
| #define HAVE_MEMORY_H 1
| #define HAVE_STRINGS_H 1
| #define HAVE_INTTYPES_H 1
| #define HAVE_STDINT_H 1
| #define HAVE_UNISTD_H 1
| /* end confdefs.h.  */
| #include <minix/config.h>
configure:3803: result: no
configure:3836: checking for minix/config.h
configure:3843: result: no
configure:3874: checking whether it is safe to define __EXTENSIONS__
configure:3902: gcc -c -g -O2  conftest.c >&5
configure:3909: $? = 0
configure:3924: result: yes
configure:3964: checking for a BSD-compatible install
configure:4032: result: /usr/bin/install -c
configure:4043: checking whether build environment is sane
configure:4086: result: yes
configure:4111: checking for a thread-safe mkdir -p
configure:4150: result: /bin/mkdir -p
configure:4163: checking for gawk
configure:4193: result: no
configure:4163: checking for mawk
configure:4179: found /usr/bin/mawk
configure:4190: result: mawk
configure:4201: checking whether make sets $(MAKE)
configure:4223: result: yes
configure:4253: checking for style of include used by make
configure:4281: result: GNU
configure:4470: checking dependency style of gcc
configure:4561: result: gcc3
configure:4578: checking target OS
configure:4609: result: unix
configure:4679: checking for g++
configure:4695: found /usr/bin/g++
configure:4706: result: g++
configure:4733: checking for C++ compiler version
configure:4741: g++ --version >&5
g++ (Ubuntu 4.3.3-5ubuntu4) 4.3.3
Copyright (C) 2008 Free Software Foundation, Inc.
This is free software; see the source for copying conditions.  There is NO
warranty; not even for MERCHANTABILITY or FITNESS FOR A PARTICULAR PURPOSE.

configure:4745: $? = 0
configure:4752: g++ -v >&5
Using built-in specs.
Target: i486-linux-gnu
Configured with: ../src/configure -v --with-pkgversion='Ubuntu 4.3.3-5ubuntu4' --with-bugurl=file:///usr/share/doc/gcc-4.3/README.Bugs --enable-languages=c,c++,fortran,objc,obj-c++ --prefix=/usr --enable-shared --with-system-zlib --libexecdir=/usr/lib --without-included-gettext --enable-threads=posix --enable-nls --with-gxx-include-dir=/usr/include/c++/4.3 --program-suffix=-4.3 --enable-clocale=gnu --enable-libstdcxx-debug --enable-objc-gc --enable-mpfr --enable-targets=all --with-tune=generic --enable-checking=release --build=i486-linux-gnu --host=i486-linux-gnu --target=i486-linux-gnu
Thread model: posix
gcc version 4.3.3 (Ubuntu 4.3.3-5ubuntu4) 
configure:4756: $? = 0
configure:4763: g++ -V >&5
g++: '-V' option must have argument
configure:4767: $? = 1
configure:4770: checking whether we are using the GNU C++ compiler
configure:4799: g++ -c   conftest.cpp >&5
configure:4806: $? = 0
configure:4823: result: yes
configure:4832: checking whether g++ accepts -g
configure:4862: g++ -c -g  conftest.cpp >&5
configure:4869: $? = 0
configure:4970: result: yes
configure:4995: checking dependency style of g++
configure:5086: result: gcc3
configure:5149: checking for gcc
configure:5176: result: gcc
configure:5408: checking for C compiler version
configure:5416: gcc --version >&5
gcc (Ubuntu 4.3.3-5ubuntu4) 4.3.3
Copyright (C) 2008 Free Software Foundation, Inc.
This is free software; see the source for copying conditions.  There is NO
warranty; not even for MERCHANTABILITY or FITNESS FOR A PARTICULAR PURPOSE.

configure:5420: $? = 0
configure:5427: gcc -v >&5
Using built-in specs.
Target: i486-linux-gnu
Configured with: ../src/configure -v --with-pkgversion='Ubuntu 4.3.3-5ubuntu4' --with-bugurl=file:///usr/share/doc/gcc-4.3/README.Bugs --enable-languages=c,c++,fortran,objc,obj-c++ --prefix=/usr --enable-shared --with-system-zlib --libexecdir=/usr/lib --without-included-gettext --enable-threads=posix --enable-nls --with-gxx-include-dir=/usr/include/c++/4.3 --program-suffix=-4.3 --enable-clocale=gnu --enable-libstdcxx-debug --enable-objc-gc --enable-mpfr --enable-targets=all --with-tune=generic --enable-checking=release --build=i486-linux-gnu --host=i486-linux-gnu --target=i486-linux-gnu
Thread model: posix
gcc version 4.3.3 (Ubuntu 4.3.3-5ubuntu4) 
configure:5431: $? = 0
configure:5438: gcc -V >&5
gcc: '-V' option must have argument
configure:5442: $? = 1
configure:5445: checking whether we are using the GNU C compiler
configure:5498: result: yes
configure:5507: checking whether gcc accepts -g
configure:5645: result: yes
configure:5662: checking for gcc option to accept ISO C89
configure:5766: result: none needed
configure:5788: checking for gawk
configure:5815: result: mawk
configure:5840: checking for a BSD-compatible install
configure:5908: result: /usr/bin/install -c
configure:5962: checking for ranlib
configure:5978: found /usr/bin/ranlib
configure:5989: result: ranlib
configure:6016: checking how to run the C preprocessor
configure:6134: result: gcc -E
configure:6163: gcc -E  conftest.c
configure:6170: $? = 0
configure:6201: gcc -E  conftest.c
conftest.c:25:28: error: ac_nonexistent.h: No such file or directory
configure:6208: $? = 1
configure: failed program was:
| /* confdefs.h.  */
| #define PACKAGE_NAME "ou"
| #define PACKAGE_TARNAME "ou"
| #define PACKAGE_VERSION "0"
| #define PACKAGE_STRING "ou 0"
| #define PACKAGE_BUGREPORT "oleh_derevenko@users.sourceforge.net"
| #define STDC_HEADERS 1
| #define HAVE_SYS_TYPES_H 1
| #define HAVE_SYS_STAT_H 1
| #define HAVE_STDLIB_H 1
| #define HAVE_STRING_H 1
| #define HAVE_MEMORY_H 1
| #define HAVE_STRINGS_H 1
| #define HAVE_INTTYPES_H 1
| #define HAVE_STDINT_H 1
| #define HAVE_UNISTD_H 1
| #define __EXTENSIONS__ 1
| #define _ALL_SOURCE 1
| #define _GNU_SOURCE 1
| #define _POSIX_PTHREAD_SEMANTICS 1
| #define _TANDEM_SOURCE 1
| #define PACKAGE "ou"
| #define VERSION "0"
| /* end confdefs.h.  */
| #include <ac_nonexistent.h>
configure:6247: checking for a thread-safe mkdir -p
configure:6286: result: /bin/mkdir -p
configure:6617: checking for a sed that does not truncate output
configure:6683: result: /bin/sed
configure:6701: checking for fgrep
configure:6765: result: /bin/grep -F
configure:6800: checking for ld used by gcc
configure:6867: result: /usr/bin/ld
configure:6876: checking if the linker (/usr/bin/ld) is GNU ld
configure:6891: result: yes
configure:6903: checking for BSD- or MS-compatible name lister (nm)
configure:6952: result: /usr/bin/nm -B
configure:7070: checking the name lister (/usr/bin/nm -B) interface
configure:7077: gcc -c -g -O2  conftest.c >&5
configure:7080: /usr/bin/nm -B "conftest.o"
configure:7083: output
00000000 B some_variable
configure:7090: result: BSD nm
configure:7093: checking whether ln -s works
configure:7097: result: yes
configure:7105: checking the maximum length of command line arguments
configure:7225: result: 1572864
configure:7242: checking whether the shell understands some XSI constructs
configure:7252: result: yes
configure:7256: checking whether the shell understands "+="
configure:7262: result: yes
configure:7297: checking for /usr/bin/ld option to reload object files
configure:7304: result: -r
configure:7373: checking for objdump
configure:7400: result: objdump
configure:7429: checking how to recognize dependent libraries
configure:7625: result: pass_all
configure:7685: checking for ar
configure:7701: found /usr/bin/ar
configure:7712: result: ar
configure:7790: checking for strip
configure:7806: found /usr/bin/strip
configure:7817: result: strip
configure:7889: checking for ranlib
configure:7916: result: ranlib
configure:8006: checking command to parse /usr/bin/nm -B output from gcc object
configure:8124: gcc -c -g -O2  conftest.c >&5
configure:8127: $? = 0
configure:8131: /usr/bin/nm -B conftest.o \| sed -n -e 's/^.*[	 ]\([ABCDGIRSTW][ABCDGIRSTW]*\)[	 ][	 ]*\([_A-Za-z][_A-Za-z0-9]*\)$/\1 \2 \2/p' \> conftest.nm
configure:8134: $? = 0
configure:8188: gcc -o conftest -g -O2   conftest.c conftstm.o >&5
configure:8191: $? = 0
configure:8229: result: ok
configure:9094: checking for dlfcn.h
configure:9115: gcc -c -g -O2  conftest.c >&5
configure:9122: $? = 0
configure:9139: result: yes
configure:9266: checking for C++ compiler version
configure:9274: g++ --version >&5
g++ (Ubuntu 4.3.3-5ubuntu4) 4.3.3
Copyright (C) 2008 Free Software Foundation, Inc.
This is free software; see the source for copying conditions.  There is NO
warranty; not even for MERCHANTABILITY or FITNESS FOR A PARTICULAR PURPOSE.

configure:9278: $? = 0
configure:9285: g++ -v >&5
Using built-in specs.
Target: i486-linux-gnu
Configured with: ../src/configure -v --with-pkgversion='Ubuntu 4.3.3-5ubuntu4' --with-bugurl=file:///usr/share/doc/gcc-4.3/README.Bugs --enable-languages=c,c++,fortran,objc,obj-c++ --prefix=/usr --enable-shared --with-system-zlib --libexecdir=/usr/lib --without-included-gettext --enable-threads=posix --enable-nls --with-gxx-include-dir=/usr/include/c++/4.3 --program-suffix=-4.3 --enable-clocale=gnu --enable-libstdcxx-debug --enable-objc-gc --enable-mpfr --enable-targets=all --with-tune=generic --enable-checking=release --build=i486-linux-gnu --host=i486-linux-gnu --target=i486-linux-gnu
Thread model: posix
gcc version 4.3.3 (Ubuntu 4.3.3-5ubuntu4) 
configure:9289: $? = 0
configure:9296: g++ -V >&5
g++: '-V' option must have argument
configure:9300: $? = 1
configure:9303: checking whether we are using the GNU C++ compiler
configure:9356: result: yes
configure:9365: checking whether g++ accepts -g
configure:9503: result: yes
configure:9528: checking dependency style of g++
configure:9619: result: gcc3
configure:9642: checking how to run the C++ preprocessor
configure:9678: g++ -E  conftest.cpp
configure:9685: $? = 0
configure:9716: g++ -E  conftest.cpp
conftest.cpp:26:28: error: ac_nonexistent.h: No such file or directory
configure:9723: $? = 1
configure: failed program was:
| /* confdefs.h.  */
| #define PACKAGE_NAME "ou"
| #define PACKAGE_TARNAME "ou"
| #define PACKAGE_VERSION "0"
| #define PACKAGE_STRING "ou 0"
| #define PACKAGE_BUGREPORT "oleh_derevenko@users.sourceforge.net"
| #define STDC_HEADERS 1
| #define HAVE_SYS_TYPES_H 1
| #define HAVE_SYS_STAT_H 1
| #define HAVE_STDLIB_H 1
| #define HAVE_STRING_H 1
| #define HAVE_MEMORY_H 1
| #define HAVE_STRINGS_H 1
| #define HAVE_INTTYPES_H 1
| #define HAVE_STDINT_H 1
| #define HAVE_UNISTD_H 1
| #define __EXTENSIONS__ 1
| #define _ALL_SOURCE 1
| #define _GNU_SOURCE 1
| #define _POSIX_PTHREAD_SEMANTICS 1
| #define _TANDEM_SOURCE 1
| #define PACKAGE "ou"
| #define VERSION "0"
| #define HAVE_DLFCN_H 1
| /* end confdefs.h.  */
| #include <ac_nonexistent.h>
configure:9756: result: g++ -E
configure:9785: g++ -E  conftest.cpp
configure:9792: $? = 0
configure:9823: g++ -E  conftest.cpp
conftest.cpp:26:28: error: ac_nonexistent.h: No such file or directory
configure:9830: $? = 1
configure: failed program was:
| /* confdefs.h.  */
| #define PACKAGE_NAME "ou"
| #define PACKAGE_TARNAME "ou"
| #define PACKAGE_VERSION "0"
| #define PACKAGE_STRING "ou 0"
| #define PACKAGE_BUGREPORT "oleh_derevenko@users.sourceforge.net"
| #define STDC_HEADERS 1
| #define HAVE_SYS_TYPES_H 1
| #define HAVE_SYS_STAT_H 1
| #define HAVE_STDLIB_H 1
| #define HAVE_STRING_H 1
| #define HAVE_MEMORY_H 1
| #define HAVE_STRINGS_H 1
| #define HAVE_INTTYPES_H 1
| #define HAVE_STDINT_H 1
| #define HAVE_UNISTD_H 1
| #define __EXTENSIONS__ 1
| #define _ALL_SOURCE 1
| #define _GNU_SOURCE 1
| #define _POSIX_PTHREAD_SEMANTICS 1
| #define _TANDEM_SOURCE 1
| #define PACKAGE "ou"
| #define VERSION "0"
| #define HAVE_DLFCN_H 1
| /* end confdefs.h.  */
| #include <ac_nonexistent.h>
configure:10042: checking for objdir
configure:10057: result: .libs
configure:10349: checking if gcc supports -fno-rtti -fno-exceptions
configure:10367: gcc -c -g -O2  -fno-rtti -fno-exceptions conftest.c >&5
cc1: warning: command line option "-fno-rtti" is valid for C++/ObjC++ but not for C
configure:10371: $? = 0
configure:10384: result: no
configure:10404: checking for gcc option to produce PIC
configure:10676: result: -fPIC -DPIC
configure:10688: checking if gcc PIC flag -fPIC -DPIC works
configure:10706: gcc -c -g -O2  -fPIC -DPIC -DPIC conftest.c >&5
configure:10710: $? = 0
configure:10723: result: yes
configure:10747: checking if gcc static flag -static works
configure:10775: result: yes
configure:10790: checking if gcc supports -c -o file.o
configure:10811: gcc -c -g -O2  -o out/conftest2.o conftest.c >&5
configure:10815: $? = 0
configure:10837: result: yes
configure:10845: checking if gcc supports -c -o file.o
configure:10892: result: yes
configure:10925: checking whether the gcc linker (/usr/bin/ld) supports shared libraries
configure:12000: result: yes
configure:12037: checking whether -lc should be explicitly linked in
configure:12042: gcc -c -g -O2  conftest.c >&5
configure:12045: $? = 0
configure:12060: gcc -shared conftest.o  -v -Wl,-soname -Wl,conftest -o conftest 2\>\&1 \| /bin/grep  -lc  \>/dev/null 2\>\&1
configure:12063: $? = 0
configure:12075: result: no
configure:12239: checking dynamic linker characteristics
configure:12682: gcc -o conftest -g -O2   -Wl,-rpath -Wl,/foo conftest.c  >&5
configure:12689: $? = 0
configure:12934: result: GNU/Linux ld.so
configure:13036: checking how to hardcode library paths into programs
configure:13061: result: immediate
configure:13894: checking whether stripping libraries is possible
configure:13899: result: yes
configure:13934: checking if libtool supports shared libraries
configure:13936: result: yes
configure:13939: checking whether to build shared libraries
configure:13960: result: yes
configure:13963: checking whether to build static libraries
configure:13967: result: yes
configure:14117: checking for ld used by g++
configure:14184: result: /usr/bin/ld
configure:14193: checking if the linker (/usr/bin/ld) is GNU ld
configure:14208: result: yes
configure:14263: checking whether the g++ linker (/usr/bin/ld) supports shared libraries
configure:15238: result: yes
configure:15266: g++ -c -g -O2  conftest.cpp >&5
configure:15269: $? = 0
configure:15451: checking for g++ option to produce PIC
configure:15768: result: -fPIC -DPIC
configure:15777: checking if g++ PIC flag -fPIC -DPIC works
configure:15795: g++ -c -g -O2  -fPIC -DPIC -DPIC conftest.cpp >&5
configure:15799: $? = 0
configure:15812: result: yes
configure:15833: checking if g++ static flag -static works
configure:15861: result: yes
configure:15873: checking if g++ supports -c -o file.o
configure:15894: g++ -c -g -O2  -o out/conftest2.o conftest.cpp >&5
configure:15898: $? = 0
configure:15920: result: yes
configure:15925: checking if g++ supports -c -o file.o
configure:15972: result: yes
configure:16002: checking whether the g++ linker (/usr/bin/ld) supports shared libraries
configure:16031: result: yes
configure:16168: checking dynamic linker characteristics
configure:16559: g++ -o conftest -g -O2   -Wl,-rpath -Wl,/foo conftest.cpp  >&5
configure:16566: $? = 0
configure:16811: result: GNU/Linux ld.so
configure:16862: checking how to hardcode library paths into programs
configure:16887: result: immediate
configure:16949: checking for main in -lc
configure:16978: gcc -o conftest -g -O2   conftest.c -lc   >&5
configure:16985: $? = 0
configure:17006: result: yes
configure:17018: checking for main in -lpthread
configure:17047: gcc -o conftest -g -O2   conftest.c -lpthread  -lc  >&5
configure:17054: $? = 0
configure:17075: result: yes
configure:17095: checking for ANSI C header files
configure:17263: result: yes
configure:17282: checking for inttypes.h
configure:17289: result: yes
configure:17293: checking malloc.h usability
configure:17310: gcc -c -g -O2  conftest.c >&5
configure:17317: $? = 0
configure:17331: result: yes
configure:17335: checking malloc.h presence
configure:17350: gcc -E  conftest.c
configure:17357: $? = 0
configure:17371: result: yes
configure:17404: checking for malloc.h
configure:17413: result: yes
configure:17293: checking stddef.h usability
configure:17310: gcc -c -g -O2  conftest.c >&5
configure:17317: $? = 0
configure:17331: result: yes
configure:17335: checking stddef.h presence
configure:17350: gcc -E  conftest.c
configure:17357: $? = 0
configure:17371: result: yes
configure:17404: checking for stddef.h
configure:17413: result: yes
configure:17282: checking for stdlib.h
configure:17289: result: yes
configure:17282: checking for string.h
configure:17289: result: yes
configure:17430: checking for stdbool.h that conforms to C99
configure:17525: gcc -c -g -O2  conftest.c >&5
configure:17532: $? = 0
configure:17547: result: yes
configure:17549: checking for _Bool
configure:17577: gcc -c -g -O2  conftest.c >&5
configure:17584: $? = 0
configure:17611: gcc -c -g -O2  conftest.c >&5
conftest.c: In function 'main':
conftest.c:72: error: expected expression before ')' token
configure:17618: $? = 1
configure: failed program was:
| /* confdefs.h.  */
| #define PACKAGE_NAME "ou"
| #define PACKAGE_TARNAME "ou"
| #define PACKAGE_VERSION "0"
| #define PACKAGE_STRING "ou 0"
| #define PACKAGE_BUGREPORT "oleh_derevenko@users.sourceforge.net"
| #define STDC_HEADERS 1
| #define HAVE_SYS_TYPES_H 1
| #define HAVE_SYS_STAT_H 1
| #define HAVE_STDLIB_H 1
| #define HAVE_STRING_H 1
| #define HAVE_MEMORY_H 1
| #define HAVE_STRINGS_H 1
| #define HAVE_INTTYPES_H 1
| #define HAVE_STDINT_H 1
| #define HAVE_UNISTD_H 1
| #define __EXTENSIONS__ 1
| #define _ALL_SOURCE 1
| #define _GNU_SOURCE 1
| #define _POSIX_PTHREAD_SEMANTICS 1
| #define _TANDEM_SOURCE 1
| #define PACKAGE "ou"
| #define VERSION "0"
| #define HAVE_DLFCN_H 1
| #define LT_OBJDIR ".libs/"
| #define HAVE_LIBC 1
| #define HAVE_LIBPTHREAD 1
| #define _REENTRANT 1
| #define STDC_HEADERS 1
| #define HAVE_INTTYPES_H 1
| #define HAVE_MALLOC_H 1
| #define HAVE_STDDEF_H 1
| #define HAVE_STDLIB_H 1
| #define HAVE_STRING_H 1
| /* end confdefs.h.  */
| #include <stdio.h>
| #ifdef HAVE_SYS_TYPES_H
| # include <sys/types.h>
| #endif
| #ifdef HAVE_SYS_STAT_H
| # include <sys/stat.h>
| #endif
| #ifdef STDC_HEADERS
| # include <stdlib.h>
| # include <stddef.h>
| #else
| # ifdef HAVE_STDLIB_H
| #  include <stdlib.h>
| # endif
| #endif
| #ifdef HAVE_STRING_H
| # if !defined STDC_HEADERS && defined HAVE_MEMORY_H
| #  include <memory.h>
| # endif
| # include <string.h>
| #endif
| #ifdef HAVE_STRINGS_H
| # include <strings.h>
| #endif
| #ifdef HAVE_INTTYPES_H
| # include <inttypes.h>
| #endif
| #ifdef HAVE_STDINT_H
| # include <stdint.h>
| #endif
| #ifdef HAVE_UNISTD_H
| # include <unistd.h>
| #endif
| int
| main ()
| {
| if (sizeof ((_Bool)))
| 	  return 0;
|   ;
|   return 0;
| }
configure:17641: result: yes
configure:17660: checking for an ANSI C-conforming const
configure:17735: gcc -c -g -O2  conftest.c >&5
configure:17742: $? = 0
configure:17757: result: yes
configure:17767: checking for inline
configure:17793: gcc -c -g -O2  conftest.c >&5
configure:17800: $? = 0
configure:17818: result: inline
configure:17838: checking for int16_t
configure:17869: gcc -c -g -O2  conftest.c >&5
configure:17876: $? = 0
configure:17905: gcc -c -g -O2  conftest.c >&5
conftest.c: In function 'main':
conftest.c:75: error: size of array 'test_array' is negative
configure:17912: $? = 1
configure: failed program was:
| /* confdefs.h.  */
| #define PACKAGE_NAME "ou"
| #define PACKAGE_TARNAME "ou"
| #define PACKAGE_VERSION "0"
| #define PACKAGE_STRING "ou 0"
| #define PACKAGE_BUGREPORT "oleh_derevenko@users.sourceforge.net"
| #define STDC_HEADERS 1
| #define HAVE_SYS_TYPES_H 1
| #define HAVE_SYS_STAT_H 1
| #define HAVE_STDLIB_H 1
| #define HAVE_STRING_H 1
| #define HAVE_MEMORY_H 1
| #define HAVE_STRINGS_H 1
| #define HAVE_INTTYPES_H 1
| #define HAVE_STDINT_H 1
| #define HAVE_UNISTD_H 1
| #define __EXTENSIONS__ 1
| #define _ALL_SOURCE 1
| #define _GNU_SOURCE 1
| #define _POSIX_PTHREAD_SEMANTICS 1
| #define _TANDEM_SOURCE 1
| #define PACKAGE "ou"
| #define VERSION "0"
| #define HAVE_DLFCN_H 1
| #define LT_OBJDIR ".libs/"
| #define HAVE_LIBC 1
| #define HAVE_LIBPTHREAD 1
| #define _REENTRANT 1
| #define STDC_HEADERS 1
| #define HAVE_INTTYPES_H 1
| #define HAVE_MALLOC_H 1
| #define HAVE_STDDEF_H 1
| #define HAVE_STDLIB_H 1
| #define HAVE_STRING_H 1
| #define HAVE__BOOL 1
| #define HAVE_STDBOOL_H 1
| /* end confdefs.h.  */
| #include <stdio.h>
| #ifdef HAVE_SYS_TYPES_H
| # include <sys/types.h>
| #endif
| #ifdef HAVE_SYS_STAT_H
| # include <sys/stat.h>
| #endif
| #ifdef STDC_HEADERS
| # include <stdlib.h>
| # include <stddef.h>
| #else
| # ifdef HAVE_STDLIB_H
| #  include <stdlib.h>
| # endif
| #endif
| #ifdef HAVE_STRING_H
| # if !defined STDC_HEADERS && defined HAVE_MEMORY_H
| #  include <memory.h>
| # endif
| # include <string.h>
| #endif
| #ifdef HAVE_STRINGS_H
| # include <strings.h>
| #endif
| #ifdef HAVE_INTTYPES_H
| # include <inttypes.h>
| #endif
| #ifdef HAVE_STDINT_H
| # include <stdint.h>
| #endif
| #ifdef HAVE_UNISTD_H
| # include <unistd.h>
| #endif
| int
| main ()
| {
| static int test_array [1 - 2 * !((int16_t) ((((int16_t) 1 << (16 - 2)) - 1) * 2 + 1)
| 		 < (int16_t) ((((int16_t) 1 << (16 - 2)) - 1) * 2 + 2))];
| test_array [0] = 0
| 
|   ;
|   return 0;
| }
configure:17941: result: yes
configure:17954: checking for int32_t
configure:17985: gcc -c -g -O2  conftest.c >&5
configure:17992: $? = 0
configure:18021: gcc -c -g -O2  conftest.c >&5
conftest.c: In function 'main':
conftest.c:75: warning: integer overflow in expression
conftest.c:75: error: size of array 'test_array' is negative
configure:18028: $? = 1
configure: failed program was:
| /* confdefs.h.  */
| #define PACKAGE_NAME "ou"
| #define PACKAGE_TARNAME "ou"
| #define PACKAGE_VERSION "0"
| #define PACKAGE_STRING "ou 0"
| #define PACKAGE_BUGREPORT "oleh_derevenko@users.sourceforge.net"
| #define STDC_HEADERS 1
| #define HAVE_SYS_TYPES_H 1
| #define HAVE_SYS_STAT_H 1
| #define HAVE_STDLIB_H 1
| #define HAVE_STRING_H 1
| #define HAVE_MEMORY_H 1
| #define HAVE_STRINGS_H 1
| #define HAVE_INTTYPES_H 1
| #define HAVE_STDINT_H 1
| #define HAVE_UNISTD_H 1
| #define __EXTENSIONS__ 1
| #define _ALL_SOURCE 1
| #define _GNU_SOURCE 1
| #define _POSIX_PTHREAD_SEMANTICS 1
| #define _TANDEM_SOURCE 1
| #define PACKAGE "ou"
| #define VERSION "0"
| #define HAVE_DLFCN_H 1
| #define LT_OBJDIR ".libs/"
| #define HAVE_LIBC 1
| #define HAVE_LIBPTHREAD 1
| #define _REENTRANT 1
| #define STDC_HEADERS 1
| #define HAVE_INTTYPES_H 1
| #define HAVE_MALLOC_H 1
| #define HAVE_STDDEF_H 1
| #define HAVE_STDLIB_H 1
| #define HAVE_STRING_H 1
| #define HAVE__BOOL 1
| #define HAVE_STDBOOL_H 1
| /* end confdefs.h.  */
| #include <stdio.h>
| #ifdef HAVE_SYS_TYPES_H
| # include <sys/types.h>
| #endif
| #ifdef HAVE_SYS_STAT_H
| # include <sys/stat.h>
| #endif
| #ifdef STDC_HEADERS
| # include <stdlib.h>
| # include <stddef.h>
| #else
| # ifdef HAVE_STDLIB_H
| #  include <stdlib.h>
| # endif
| #endif
| #ifdef HAVE_STRING_H
| # if !defined STDC_HEADERS && defined HAVE_MEMORY_H
| #  include <memory.h>
| # endif
| # include <string.h>
| #endif
| #ifdef HAVE_STRINGS_H
| # include <strings.h>
| #endif
| #ifdef HAVE_INTTYPES_H
| # include <inttypes.h>
| #endif
| #ifdef HAVE_STDINT_H
| # include <stdint.h>
| #endif
| #ifdef HAVE_UNISTD_H
| # include <unistd.h>
| #endif
| int
| main ()
| {
| static int test_array [1 - 2 * !((int32_t) ((((int32_t) 1 << (32 - 2)) - 1) * 2 + 1)
| 		 < (int32_t) ((((int32_t) 1 << (32 - 2)) - 1) * 2 + 2))];
| test_array [0] = 0
| 
|   ;
|   return 0;
| }
configure:18057: result: yes
configure:18070: checking for int64_t
configure:18101: gcc -c -g -O2  conftest.c >&5
configure:18108: $? = 0
configure:18137: gcc -c -g -O2  conftest.c >&5
conftest.c: In function 'main':
conftest.c:75: warning: integer overflow in expression
conftest.c:75: error: size of array 'test_array' is negative
configure:18144: $? = 1
configure: failed program was:
| /* confdefs.h.  */
| #define PACKAGE_NAME "ou"
| #define PACKAGE_TARNAME "ou"
| #define PACKAGE_VERSION "0"
| #define PACKAGE_STRING "ou 0"
| #define PACKAGE_BUGREPORT "oleh_derevenko@users.sourceforge.net"
| #define STDC_HEADERS 1
| #define HAVE_SYS_TYPES_H 1
| #define HAVE_SYS_STAT_H 1
| #define HAVE_STDLIB_H 1
| #define HAVE_STRING_H 1
| #define HAVE_MEMORY_H 1
| #define HAVE_STRINGS_H 1
| #define HAVE_INTTYPES_H 1
| #define HAVE_STDINT_H 1
| #define HAVE_UNISTD_H 1
| #define __EXTENSIONS__ 1
| #define _ALL_SOURCE 1
| #define _GNU_SOURCE 1
| #define _POSIX_PTHREAD_SEMANTICS 1
| #define _TANDEM_SOURCE 1
| #define PACKAGE "ou"
| #define VERSION "0"
| #define HAVE_DLFCN_H 1
| #define LT_OBJDIR ".libs/"
| #define HAVE_LIBC 1
| #define HAVE_LIBPTHREAD 1
| #define _REENTRANT 1
| #define STDC_HEADERS 1
| #define HAVE_INTTYPES_H 1
| #define HAVE_MALLOC_H 1
| #define HAVE_STDDEF_H 1
| #define HAVE_STDLIB_H 1
| #define HAVE_STRING_H 1
| #define HAVE__BOOL 1
| #define HAVE_STDBOOL_H 1
| /* end confdefs.h.  */
| #include <stdio.h>
| #ifdef HAVE_SYS_TYPES_H
| # include <sys/types.h>
| #endif
| #ifdef HAVE_SYS_STAT_H
| # include <sys/stat.h>
| #endif
| #ifdef STDC_HEADERS
| # include <stdlib.h>
| # include <stddef.h>
| #else
| # ifdef HAVE_STDLIB_H
| #  include <stdlib.h>
| # endif
| #endif
| #ifdef HAVE_STRING_H
| # if !defined STDC_HEADERS && defined HAVE_MEMORY_H
| #  include <memory.h>
| # endif
| # include <string.h>
| #endif
| #ifdef HAVE_STRINGS_H
| # include <strings.h>
| #endif
| #ifdef HAVE_INTTYPES_H
| # include <inttypes.h>
| #endif
| #ifdef HAVE_STDINT_H
| # include <stdint.h>
| #endif
| #ifdef HAVE_UNISTD_H
| # include <unistd.h>
| #endif
| int
| main ()
| {
| static int test_array [1 - 2 * !((int64_t) ((((int64_t) 1 << (64 - 2)) - 1) * 2 + 1)
| 		 < (int64_t) ((((int64_t) 1 << (64 - 2)) - 1) * 2 + 2))];
| test_array [0] = 0
| 
|   ;
|   return 0;
| }
configure:18173: result: yes
configure:18186: checking for int8_t
configure:18217: gcc -c -g -O2  conftest.c >&5
configure:18224: $? = 0
configure:18253: gcc -c -g -O2  conftest.c >&5
conftest.c: In function 'main':
conftest.c:75: error: size of array 'test_array' is negative
configure:18260: $? = 1
configure: failed program was:
| /* confdefs.h.  */
| #define PACKAGE_NAME "ou"
| #define PACKAGE_TARNAME "ou"
| #define PACKAGE_VERSION "0"
| #define PACKAGE_STRING "ou 0"
| #define PACKAGE_BUGREPORT "oleh_derevenko@users.sourceforge.net"
| #define STDC_HEADERS 1
| #define HAVE_SYS_TYPES_H 1
| #define HAVE_SYS_STAT_H 1
| #define HAVE_STDLIB_H 1
| #define HAVE_STRING_H 1
| #define HAVE_MEMORY_H 1
| #define HAVE_STRINGS_H 1
| #define HAVE_INTTYPES_H 1
| #define HAVE_STDINT_H 1
| #define HAVE_UNISTD_H 1
| #define __EXTENSIONS__ 1
| #define _ALL_SOURCE 1
| #define _GNU_SOURCE 1
| #define _POSIX_PTHREAD_SEMANTICS 1
| #define _TANDEM_SOURCE 1
| #define PACKAGE "ou"
| #define VERSION "0"
| #define HAVE_DLFCN_H 1
| #define LT_OBJDIR ".libs/"
| #define HAVE_LIBC 1
| #define HAVE_LIBPTHREAD 1
| #define _REENTRANT 1
| #define STDC_HEADERS 1
| #define HAVE_INTTYPES_H 1
| #define HAVE_MALLOC_H 1
| #define HAVE_STDDEF_H 1
| #define HAVE_STDLIB_H 1
| #define HAVE_STRING_H 1
| #define HAVE__BOOL 1
| #define HAVE_STDBOOL_H 1
| /* end confdefs.h.  */
| #include <stdio.h>
| #ifdef HAVE_SYS_TYPES_H
| # include <sys/types.h>
| #endif
| #ifdef HAVE_SYS_STAT_H
| # include <sys/stat.h>
| #endif
| #ifdef STDC_HEADERS
| # include <stdlib.h>
| # include <stddef.h>
| #else
| # ifdef HAVE_STDLIB_H
| #  include <stdlib.h>
| # endif
| #endif
| #ifdef HAVE_STRING_H
| # if !defined STDC_HEADERS && defined HAVE_MEMORY_H
| #  include <memory.h>
| # endif
| # include <string.h>
| #endif
| #ifdef HAVE_STRINGS_H
| # include <strings.h>
| #endif
| #ifdef HAVE_INTTYPES_H
| # include <inttypes.h>
| #endif
| #ifdef HAVE_STDINT_H
| # include <stdint.h>
| #endif
| #ifdef HAVE_UNISTD_H
| # include <unistd.h>
| #endif
| int
| main ()
| {
| static int test_array [1 - 2 * !((int8_t) ((((int8_t) 1 << (8 - 2)) - 1) * 2 + 1)
| 		 < (int8_t) ((((int8_t) 1 << (8 - 2)) - 1) * 2 + 2))];
| test_array [0] = 0
| 
|   ;
|   return 0;
| }
configure:18289: result: yes
configure:18301: checking for size_t
configure:18329: gcc -c -g -O2  conftest.c >&5
configure:18336: $? = 0
configure:18363: gcc -c -g -O2  conftest.c >&5
conftest.c: In function 'main':
conftest.c:74: error: expected expression before ')' token
configure:18370: $? = 1
configure: failed program was:
| /* confdefs.h.  */
| #define PACKAGE_NAME "ou"
| #define PACKAGE_TARNAME "ou"
| #define PACKAGE_VERSION "0"
| #define PACKAGE_STRING "ou 0"
| #define PACKAGE_BUGREPORT "oleh_derevenko@users.sourceforge.net"
| #define STDC_HEADERS 1
| #define HAVE_SYS_TYPES_H 1
| #define HAVE_SYS_STAT_H 1
| #define HAVE_STDLIB_H 1
| #define HAVE_STRING_H 1
| #define HAVE_MEMORY_H 1
| #define HAVE_STRINGS_H 1
| #define HAVE_INTTYPES_H 1
| #define HAVE_STDINT_H 1
| #define HAVE_UNISTD_H 1
| #define __EXTENSIONS__ 1
| #define _ALL_SOURCE 1
| #define _GNU_SOURCE 1
| #define _POSIX_PTHREAD_SEMANTICS 1
| #define _TANDEM_SOURCE 1
| #define PACKAGE "ou"
| #define VERSION "0"
| #define HAVE_DLFCN_H 1
| #define LT_OBJDIR ".libs/"
| #define HAVE_LIBC 1
| #define HAVE_LIBPTHREAD 1
| #define _REENTRANT 1
| #define STDC_HEADERS 1
| #define HAVE_INTTYPES_H 1
| #define HAVE_MALLOC_H 1
| #define HAVE_STDDEF_H 1
| #define HAVE_STDLIB_H 1
| #define HAVE_STRING_H 1
| #define HAVE__BOOL 1
| #define HAVE_STDBOOL_H 1
| /* end confdefs.h.  */
| #include <stdio.h>
| #ifdef HAVE_SYS_TYPES_H
| # include <sys/types.h>
| #endif
| #ifdef HAVE_SYS_STAT_H
| # include <sys/stat.h>
| #endif
| #ifdef STDC_HEADERS
| # include <stdlib.h>
| # include <stddef.h>
| #else
| # ifdef HAVE_STDLIB_H
| #  include <stdlib.h>
| # endif
| #endif
| #ifdef HAVE_STRING_H
| # if !defined STDC_HEADERS && defined HAVE_MEMORY_H
| #  include <memory.h>
| # endif
| # include <string.h>
| #endif
| #ifdef HAVE_STRINGS_H
| # include <strings.h>
| #endif
| #ifdef HAVE_INTTYPES_H
| # include <inttypes.h>
| #endif
| #ifdef HAVE_STDINT_H
| # include <stdint.h>
| #endif
| #ifdef HAVE_UNISTD_H
| # include <unistd.h>
| #endif
| int
| main ()
| {
| if (sizeof ((size_t)))
| 	  return 0;
|   ;
|   return 0;
| }
configure:18393: result: yes
configure:18406: checking for uint16_t
configure:18437: gcc -c -g -O2  conftest.c >&5
configure:18444: $? = 0
configure:18465: result: yes
configure:18479: checking for uint32_t
configure:18510: gcc -c -g -O2  conftest.c >&5
configure:18517: $? = 0
configure:18538: result: yes
configure:18556: checking for uint64_t
configure:18587: gcc -c -g -O2  conftest.c >&5
configure:18594: $? = 0
configure:18615: result: yes
configure:18633: checking for uint8_t
configure:18664: gcc -c -g -O2  conftest.c >&5
configure:18671: $? = 0
configure:18692: result: yes
configure:18709: checking for working volatile
configure:18738: gcc -c -g -O2  conftest.c >&5
configure:18745: $? = 0
configure:18760: result: yes
configure:18770: checking for ptrdiff_t
configure:18798: gcc -c -g -O2  conftest.c >&5
configure:18805: $? = 0
configure:18832: gcc -c -g -O2  conftest.c >&5
conftest.c: In function 'main':
conftest.c:74: error: expected expression before ')' token
configure:18839: $? = 1
configure: failed program was:
| /* confdefs.h.  */
| #define PACKAGE_NAME "ou"
| #define PACKAGE_TARNAME "ou"
| #define PACKAGE_VERSION "0"
| #define PACKAGE_STRING "ou 0"
| #define PACKAGE_BUGREPORT "oleh_derevenko@users.sourceforge.net"
| #define STDC_HEADERS 1
| #define HAVE_SYS_TYPES_H 1
| #define HAVE_SYS_STAT_H 1
| #define HAVE_STDLIB_H 1
| #define HAVE_STRING_H 1
| #define HAVE_MEMORY_H 1
| #define HAVE_STRINGS_H 1
| #define HAVE_INTTYPES_H 1
| #define HAVE_STDINT_H 1
| #define HAVE_UNISTD_H 1
| #define __EXTENSIONS__ 1
| #define _ALL_SOURCE 1
| #define _GNU_SOURCE 1
| #define _POSIX_PTHREAD_SEMANTICS 1
| #define _TANDEM_SOURCE 1
| #define PACKAGE "ou"
| #define VERSION "0"
| #define HAVE_DLFCN_H 1
| #define LT_OBJDIR ".libs/"
| #define HAVE_LIBC 1
| #define HAVE_LIBPTHREAD 1
| #define _REENTRANT 1
| #define STDC_HEADERS 1
| #define HAVE_INTTYPES_H 1
| #define HAVE_MALLOC_H 1
| #define HAVE_STDDEF_H 1
| #define HAVE_STDLIB_H 1
| #define HAVE_STRING_H 1
| #define HAVE__BOOL 1
| #define HAVE_STDBOOL_H 1
| /* end confdefs.h.  */
| #include <stdio.h>
| #ifdef HAVE_SYS_TYPES_H
| # include <sys/types.h>
| #endif
| #ifdef HAVE_SYS_STAT_H
| # include <sys/stat.h>
| #endif
| #ifdef STDC_HEADERS
| # include <stdlib.h>
| # include <stddef.h>
| #else
| # ifdef HAVE_STDLIB_H
| #  include <stdlib.h>
| # endif
| #endif
| #ifdef HAVE_STRING_H
| # if !defined STDC_HEADERS && defined HAVE_MEMORY_H
| #  include <memory.h>
| # endif
| # include <string.h>
| #endif
| #ifdef HAVE_STRINGS_H
| # include <strings.h>
| #endif
| #ifdef HAVE_INTTYPES_H
| # include <inttypes.h>
| #endif
| #ifdef HAVE_STDINT_H
| # include <stdint.h>
| #endif
| #ifdef HAVE_UNISTD_H
| # include <unistd.h>
| #endif
| int
| main ()
| {
| if (sizeof ((ptrdiff_t)))
| 	  return 0;
|   ;
|   return 0;
| }
configure:18862: result: yes
configure:18880: checking for stdlib.h
configure:18887: result: yes
configure:19026: checking for GNU libc compatible malloc
configure:19060: gcc -o conftest -g -O2   conftest.c -lpthread -lc  >&5
configure:19064: $? = 0
configure:19070: ./conftest
configure:19074: $? = 0
configure:19091: result: yes
configure:19124: checking for stdlib.h
configure:19131: result: yes
configure:19270: checking for GNU libc compatible realloc
configure:19304: gcc -o conftest -g -O2   conftest.c -lpthread -lc  >&5
configure:19308: $? = 0
configure:19314: ./conftest
configure:19318: $? = 0
configure:19335: result: yes
configure:19367: checking for memset
configure:19423: gcc -o conftest -g -O2   conftest.c -lpthread -lc  >&5
conftest.c:66: warning: conflicting types for built-in function 'memset'
configure:19430: $? = 0
configure:19452: result: yes
configure:19947: creating ./config.status

## ---------------------- ##
## Running config.status. ##
## ---------------------- ##

This file was extended by ou config.status 0, which was
generated by GNU Autoconf 2.63.  Invocation command line was

  CONFIG_FILES    = 
  CONFIG_HEADERS  = 
  CONFIG_LINKS    = 
  CONFIG_COMMANDS = 
  $ ./config.status 

on RAGE

config.status:974: creating Makefile
config.status:974: creating include/ou/Makefile
config.status:974: creating src/ou/Makefile
config.status:974: creating test/Makefile
config.status:1185: executing depfiles commands
config.status:1185: executing libtool commands

## ---------------- ##
## Cache variables. ##
## ---------------- ##

ac_cv_build=i686-pc-linux-gnu
ac_cv_c_compiler_gnu=yes
ac_cv_c_const=yes
ac_cv_c_inline=inline
ac_cv_c_int16_t=yes
ac_cv_c_int32_t=yes
ac_cv_c_int64_t=yes
ac_cv_c_int8_t=yes
ac_cv_c_uint16_t=yes
ac_cv_c_uint32_t=yes
ac_cv_c_uint64_t=yes
ac_cv_c_uint8_t=yes
ac_cv_c_volatile=yes
ac_cv_cxx_compiler_gnu=yes
ac_cv_env_CCC_set=
ac_cv_env_CCC_value=
ac_cv_env_CC_set=
ac_cv_env_CC_value=
ac_cv_env_CFLAGS_set=
ac_cv_env_CFLAGS_value=
ac_cv_env_CPPFLAGS_set=
ac_cv_env_CPPFLAGS_value=
ac_cv_env_CPP_set=
ac_cv_env_CPP_value=
ac_cv_env_CXXCPP_set=
ac_cv_env_CXXCPP_value=
ac_cv_env_CXXFLAGS_set=
ac_cv_env_CXXFLAGS_value=
ac_cv_env_CXX_set=
ac_cv_env_CXX_value=
ac_cv_env_LDFLAGS_set=
ac_cv_env_LDFLAGS_value=
ac_cv_env_LIBS_set=
ac_cv_env_LIBS_value=
ac_cv_env_OU_NAMESPACE_set=set
ac_cv_env_OU_NAMESPACE_value=odeou
ac_cv_env_build_alias_set=
ac_cv_env_build_alias_value=
ac_cv_env_host_alias_set=
ac_cv_env_host_alias_value=
ac_cv_env_target_alias_set=
ac_cv_env_target_alias_value=
ac_cv_func_malloc_0_nonnull=yes
ac_cv_func_memset=yes
ac_cv_func_realloc_0_nonnull=yes
ac_cv_header_dlfcn_h=yes
ac_cv_header_inttypes_h=yes
ac_cv_header_malloc_h=yes
ac_cv_header_memory_h=yes
ac_cv_header_minix_config_h=no
ac_cv_header_stdbool_h=yes
ac_cv_header_stdc=yes
ac_cv_header_stddef_h=yes
ac_cv_header_stdint_h=yes
ac_cv_header_stdlib_h=yes
ac_cv_header_string_h=yes
ac_cv_header_strings_h=yes
ac_cv_header_sys_stat_h=yes
ac_cv_header_sys_types_h=yes
ac_cv_header_unistd_h=yes
ac_cv_host=i686-pc-linux-gnu
ac_cv_lib_c_main=yes
ac_cv_lib_pthread_main=yes
ac_cv_objext=o
ac_cv_path_EGREP='/bin/grep -E'
ac_cv_path_FGREP='/bin/grep -F'
ac_cv_path_GREP=/bin/grep
ac_cv_path_SED=/bin/sed
ac_cv_path_install='/usr/bin/install -c'
ac_cv_path_mkdir=/bin/mkdir
ac_cv_prog_AWK=mawk
ac_cv_prog_CPP='gcc -E'
ac_cv_prog_CXXCPP='g++ -E'
ac_cv_prog_ac_ct_AR=ar
ac_cv_prog_ac_ct_CC=gcc
ac_cv_prog_ac_ct_CXX=g++
ac_cv_prog_ac_ct_OBJDUMP=objdump
ac_cv_prog_ac_ct_RANLIB=ranlib
ac_cv_prog_ac_ct_STRIP=strip
ac_cv_prog_cc_c89=
ac_cv_prog_cc_g=yes
ac_cv_prog_cxx_g=yes
ac_cv_prog_make_make_set=yes
ac_cv_safe_to_define___extensions__=yes
ac_cv_type__Bool=yes
ac_cv_type_ptrdiff_t=yes
ac_cv_type_size_t=yes
am_cv_CC_dependencies_compiler_type=gcc3
am_cv_CXX_dependencies_compiler_type=gcc3
lt_cv_deplibs_check_method=pass_all
lt_cv_file_magic_cmd='$MAGIC_CMD'
lt_cv_file_magic_test_file=
lt_cv_ld_reload_flag=-r
lt_cv_nm_interface='BSD nm'
lt_cv_objdir=.libs
lt_cv_path_LD=/usr/bin/ld
lt_cv_path_LDCXX=/usr/bin/ld
lt_cv_path_NM='/usr/bin/nm -B'
lt_cv_prog_compiler_c_o=yes
lt_cv_prog_compiler_c_o_CXX=yes
lt_cv_prog_compiler_pic_works=yes
lt_cv_prog_compiler_pic_works_CXX=yes
lt_cv_prog_compiler_rtti_exceptions=no
lt_cv_prog_compiler_static_works=yes
lt_cv_prog_compiler_static_works_CXX=yes
lt_cv_prog_gnu_ld=yes
lt_cv_prog_gnu_ldcxx=yes
lt_cv_sys_global_symbol_pipe='sed -n -e '\''s/^.*[	 ]\([ABCDGIRSTW][ABCDGIRSTW]*\)[	 ][	 ]*\([_A-Za-z][_A-Za-z0-9]*\)$/\1 \2 \2/p'\'''
lt_cv_sys_global_symbol_to_c_name_address='sed -n -e '\''s/^: \([^ ]*\) $/  {\"\1\", (void *) 0},/p'\'' -e '\''s/^[ABCDGIRSTW]* \([^ ]*\) \([^ ]*\)$/  {"\2", (void *) \&\2},/p'\'''
lt_cv_sys_global_symbol_to_c_name_address_lib_prefix='sed -n -e '\''s/^: \([^ ]*\) $/  {\"\1\", (void *) 0},/p'\'' -e '\''s/^[ABCDGIRSTW]* \([^ ]*\) \(lib[^ ]*\)$/  {"\2", (void *) \&\2},/p'\'' -e '\''s/^[ABCDGIRSTW]* \([^ ]*\) \([^ ]*\)$/  {"lib\2", (void *) \&\2},/p'\'''
lt_cv_sys_global_symbol_to_cdecl='sed -n -e '\''s/^T .* \(.*\)$/extern int \1();/p'\'' -e '\''s/^[ABCDGIRSTW]* .* \(.*\)$/extern char \1;/p'\'''
lt_cv_sys_max_cmd_len=1572864

## ----------------- ##
## Output variables. ##
## ----------------- ##

ACLOCAL='${SHELL} /home/nexis/OpenSim/ODE/OpenDynamicsEngine/missing --run aclocal-1.10'
AMDEPBACKSLASH='\'
AMDEP_FALSE='#'
AMDEP_TRUE=''
AMTAR='${SHELL} /home/nexis/OpenSim/ODE/OpenDynamicsEngine/missing --run tar'
AR='ar'
AS='as'
AUTOCONF='${SHELL} /home/nexis/OpenSim/ODE/OpenDynamicsEngine/missing --run autoconf'
AUTOHEADER='${SHELL} /home/nexis/OpenSim/ODE/OpenDynamicsEngine/missing --run autoheader'
AUTOMAKE='${SHELL} /home/nexis/OpenSim/ODE/OpenDynamicsEngine/missing --run automake-1.10'
AWK='mawk'
CC='gcc'
CCDEPMODE='depmode=gcc3'
CFLAGS='-g -O2'
CPP='gcc -E'
CPPFLAGS=' -D_OU_NAMESPACE=odeou'
CXX='g++'
CXXCPP='g++ -E'
CXXDEPMODE='depmode=gcc3'
CXXFLAGS='-g -O2'
CYGPATH_W='echo'
DEFS='-DPACKAGE_NAME=\"ou\" -DPACKAGE_TARNAME=\"ou\" -DPACKAGE_VERSION=\"0\" -DPACKAGE_STRING=\"ou\ 0\" -DPACKAGE_BUGREPORT=\"oleh_derevenko@users.sourceforge.net\" -DSTDC_HEADERS=1 -DHAVE_SYS_TYPES_H=1 -DHAVE_SYS_STAT_H=1 -DHAVE_STDLIB_H=1 -DHAVE_STRING_H=1 -DHAVE_MEMORY_H=1 -DHAVE_STRINGS_H=1 -DHAVE_INTTYPES_H=1 -DHAVE_STDINT_H=1 -DHAVE_UNISTD_H=1 -D__EXTENSIONS__=1 -D_ALL_SOURCE=1 -D_GNU_SOURCE=1 -D_POSIX_PTHREAD_SEMANTICS=1 -D_TANDEM_SOURCE=1 -DPACKAGE=\"ou\" -DVERSION=\"0\" -DHAVE_DLFCN_H=1 -DLT_OBJDIR=\".libs/\" -DHAVE_LIBC=1 -DHAVE_LIBPTHREAD=1 -D_REENTRANT=1 -DSTDC_HEADERS=1 -DHAVE_INTTYPES_H=1 -DHAVE_MALLOC_H=1 -DHAVE_STDDEF_H=1 -DHAVE_STDLIB_H=1 -DHAVE_STRING_H=1 -DHAVE__BOOL=1 -DHAVE_STDBOOL_H=1 -DHAVE_PTRDIFF_T=1 -DHAVE_STDLIB_H=1 -DHAVE_MALLOC=1 -DHAVE_STDLIB_H=1 -DHAVE_REALLOC=1 -DHAVE_MEMSET=1 -D_OU_TARGET_OS=_OU_TARGET_OS_GENUNIX'
DEPDIR='.deps'
DLLTOOL='dlltool'
DSYMUTIL=''
DUMPBIN=''
ECHO_C=''
ECHO_N='-n'
ECHO_T=''
EGREP='/bin/grep -E'
EXEEXT=''
FGREP='/bin/grep -F'
GREP='/bin/grep'
INSTALL_DATA='${INSTALL} -m 644'
INSTALL_PROGRAM='${INSTALL}'
INSTALL_SCRIPT='${INSTALL}'
INSTALL_STRIP_PROGRAM='$(install_sh) -c -s'
LD='/usr/bin/ld'
LDFLAGS=''
LIBOBJS=''
LIBS='-lpthread -lc '
LIBTOOL='$(SHELL) $(top_builddir)/libtool'
LIPO=''
LN_S='ln -s'
LTLIBOBJS=''
MAKEINFO='${SHELL} /home/nexis/OpenSim/ODE/OpenDynamicsEngine/missing --run makeinfo'
MKDIR_P='/bin/mkdir -p'
NM='/usr/bin/nm -B'
NMEDIT=''
OBJDUMP='objdump'
OBJEXT='o'
OTOOL64=''
OTOOL=''
OU_NAMESPACE='odeou'
PACKAGE='ou'
PACKAGE_BUGREPORT='oleh_derevenko@users.sourceforge.net'
PACKAGE_NAME='ou'
PACKAGE_STRING='ou 0'
PACKAGE_TARNAME='ou'
PACKAGE_VERSION='0'
PATH_SEPARATOR=':'
RANLIB='ranlib'
SED='/bin/sed'
SET_MAKE=''
SHELL='/bin/bash'
STRIP='strip'
VERSION='0'
ac_ct_CC='gcc'
ac_ct_CXX='g++'
ac_ct_DUMPBIN=''
am__fastdepCC_FALSE='#'
am__fastdepCC_TRUE=''
am__fastdepCXX_FALSE='#'
am__fastdepCXX_TRUE=''
am__include='include'
am__isrc=''
am__leading_dot='.'
am__quote=''
am__tar='${AMTAR} chof - "$$tardir"'
am__untar='${AMTAR} xf -'
bindir='${exec_prefix}/bin'
build='i686-pc-linux-gnu'
build_alias=''
build_cpu='i686'
build_os='linux-gnu'
build_vendor='pc'
datadir='${datarootdir}'
datarootdir='${prefix}/share'
docdir='${datarootdir}/doc/${PACKAGE_TARNAME}'
dvidir='${docdir}'
exec_prefix='${prefix}'
host='i686-pc-linux-gnu'
host_alias=''
host_cpu='i686'
host_os='linux-gnu'
host_vendor='pc'
htmldir='${docdir}'
includedir='${prefix}/include'
infodir='${datarootdir}/info'
install_sh='$(SHELL) /home/nexis/OpenSim/ODE/OpenDynamicsEngine/install-sh'
libdir='${exec_prefix}/lib'
libexecdir='${exec_prefix}/libexec'
localedir='${datarootdir}/locale'
localstatedir='${prefix}/var'
lt_ECHO='echo'
mandir='${datarootdir}/man'
mkdir_p='/bin/mkdir -p'
oldincludedir='/usr/include'
pdfdir='${docdir}'
prefix='/usr/local'
program_transform_name='s,x,x,'
psdir='${docdir}'
sbindir='${exec_prefix}/sbin'
sharedstatedir='${prefix}/com'
sysconfdir='${prefix}/etc'
target_alias=''

## ----------- ##
## confdefs.h. ##
## ----------- ##

#define PACKAGE_NAME "ou"
#define PACKAGE_TARNAME "ou"
#define PACKAGE_VERSION "0"
#define PACKAGE_STRING "ou 0"
#define PACKAGE_BUGREPORT "oleh_derevenko@users.sourceforge.net"
#define STDC_HEADERS 1
#define HAVE_SYS_TYPES_H 1
#define HAVE_SYS_STAT_H 1
#define HAVE_STDLIB_H 1
#define HAVE_STRING_H 1
#define HAVE_MEMORY_H 1
#define HAVE_STRINGS_H 1
#define HAVE_INTTYPES_H 1
#define HAVE_STDINT_H 1
#define HAVE_UNISTD_H 1
#define __EXTENSIONS__ 1
#define _ALL_SOURCE 1
#define _GNU_SOURCE 1
#define _POSIX_PTHREAD_SEMANTICS 1
#define _TANDEM_SOURCE 1
#define PACKAGE "ou"
#define VERSION "0"
#define HAVE_DLFCN_H 1
#define LT_OBJDIR ".libs/"
#define HAVE_LIBC 1
#define HAVE_LIBPTHREAD 1
#define _REENTRANT 1
#define STDC_HEADERS 1
#define HAVE_INTTYPES_H 1
#define HAVE_MALLOC_H 1
#define HAVE_STDDEF_H 1
#define HAVE_STDLIB_H 1
#define HAVE_STRING_H 1
#define HAVE__BOOL 1
#define HAVE_STDBOOL_H 1
#define HAVE_PTRDIFF_T 1
#define HAVE_STDLIB_H 1
#define HAVE_MALLOC 1
#define HAVE_STDLIB_H 1
#define HAVE_REALLOC 1
#define HAVE_MEMSET 1
#define _OU_TARGET_OS _OU_TARGET_OS_GENUNIX

configure: exit 0
